07/26/2022 06:02:47 PM - FangatePage - INFO: Element Found Locator ://form[@id='devlock']//input[@type='password']LocatorType :xpath
07/26/2022 06:02:47 PM - FangatePage - INFO: Send Keys Successfully Locator ://form[@id='devlock']//input[@type='password']LocatorType :xpath
07/26/2022 06:02:47 PM - FangatePage - INFO: Element Found Locator ://div[@class='form-group']//button[@type='submit']LocatorType :xpath
07/26/2022 06:02:54 PM - FangatePage - INFO: Clicked on the Element Locator ://div[@class='form-group']//button[@type='submit']LocatorType :xpath
07/26/2022 06:03:10 PM - LoginPage - INFO: Element Found Locator :LoginLocatorType :link
07/26/2022 06:03:12 PM - LoginPage - INFO: Clicked on the Element Locator :LoginLocatorType :link
07/26/2022 06:03:12 PM - LoginPage - INFO: Element Found Locator :login_emailLocatorType :id
07/26/2022 06:03:12 PM - LoginPage - INFO: Element Found Locator :login_passwordLocatorType :id
07/26/2022 06:03:12 PM - LoginPage - INFO: Element Found Locator :login_emailLocatorType :id
07/26/2022 06:03:12 PM - LoginPage - INFO: Send Keys Successfully Locator :login_emailLocatorType :id
07/26/2022 06:03:12 PM - LoginPage - INFO: Element Found Locator :login_passwordLocatorType :id
07/26/2022 06:03:12 PM - LoginPage - INFO: Send Keys Successfully Locator :login_passwordLocatorType :id
07/26/2022 06:03:12 PM - LoginPage - INFO: Element Found Locator :login_buttonLocatorType :id
07/26/2022 06:03:17 PM - LoginPage - INFO: Clicked on the Element Locator :login_buttonLocatorType :id
07/26/2022 06:03:17 PM - FangatePage - INFO: Waiting for maximum :: 20 :: seconds for element to be clickable
07/26/2022 06:03:17 PM - FangatePage - INFO: Element appeared on the web page
07/26/2022 06:03:17 PM - FangatePage - INFO: Element Found Locator :Share MusicLocatorType :link
07/26/2022 06:03:18 PM - FangatePage - INFO: Clicked on the Element Locator :Share MusicLocatorType :link
07/26/2022 06:03:19 PM - FangatePage - INFO: Element Found Locator ://a[@href='https://dev2.hypeddit.com/smartlink/create']LocatorType :xpath
07/26/2022 06:03:21 PM - FangatePage - INFO: Clicked on the Element Locator ://a[@href='https://dev2.hypeddit.com/smartlink/create']LocatorType :xpath
07/26/2022 06:03:21 PM - FangatePage - INFO: Element Found Locator :track_urlLocatorType :id
07/26/2022 06:03:21 PM - FangatePage - INFO: Send Keys Successfully Locator :track_urlLocatorType :id
07/26/2022 06:03:22 PM - FangatePage - INFO: Element Found Locator :next_box1_buttonLocatorType :id
07/26/2022 06:03:22 PM - FangatePage - INFO: Clicked on the Element Locator :next_box1_buttonLocatorType :id
07/26/2022 06:03:22 PM - FangatePage - INFO: Waiting for maximum :: 20 :: seconds for element to be clickable
07/26/2022 06:03:32 PM - FangatePage - INFO: Element appeared on the web page
07/26/2022 06:03:32 PM - FangatePage - INFO: Element Found Locator ://button[@class='btn dropdown-toggle btn-default']//span[text()='Select genre']LocatorType :xpath
07/26/2022 06:03:32 PM - FangatePage - INFO: Clicked on the Element Locator ://button[@class='btn dropdown-toggle btn-default']//span[text()='Select genre']LocatorType :xpath
07/26/2022 06:03:33 PM - FangatePage - INFO: Element Found Locator ://ul[@class='dropdown-menu inner']//span[text()='Bass']LocatorType :xpath
07/26/2022 06:03:33 PM - FangatePage - INFO: Clicked on the Element Locator ://ul[@class='dropdown-menu inner']//span[text()='Bass']LocatorType :xpath
07/26/2022 06:03:34 PM - FangatePage - INFO: Element Found Locator :next_box2_buttonLocatorType :id
07/26/2022 06:03:35 PM - FangatePage - INFO: Clicked on the Element Locator :next_box2_buttonLocatorType :id
07/26/2022 06:03:37 PM - FangatePage - INFO: Element Found Locator :artist_nameLocatorType :id
07/26/2022 06:03:37 PM - FangatePage - INFO: Not Wirte to the Element Locator :artist_nameLocatorType :id
07/26/2022 06:03:38 PM - FangatePage - INFO: Element Found Locator :track_titleLocatorType :id
07/26/2022 06:03:38 PM - FangatePage - INFO: Not Wirte to the Element Locator :track_titleLocatorType :id
07/26/2022 06:03:39 PM - FangatePage - INFO: Element Found Locator :next_box4_buttonLocatorType :id
07/26/2022 06:03:39 PM - FangatePage - INFO: Cannot clicked on the Element Locator :next_box4_buttonLocatorType :id
07/26/2022 06:03:41 PM - FangatePage - INFO: Element Found Locator ://div[@class='checkbox']//label[@for='dark_theme']LocatorType :xpath
07/26/2022 06:03:41 PM - FangatePage - INFO: Cannot clicked on the Element Locator ://div[@class='checkbox']//label[@for='dark_theme']LocatorType :xpath
07/26/2022 06:03:42 PM - FangatePage - INFO: Element Found Locator :next_box5_buttonLocatorType :id
07/26/2022 06:03:42 PM - FangatePage - INFO: Cannot clicked on the Element Locator :next_box5_buttonLocatorType :id
07/26/2022 06:03:43 PM - FangatePage - INFO: Element Found Locator ://div[@class='checkbox']//label[@for='save_track_spotify']LocatorType :xpath
07/26/2022 06:03:43 PM - FangatePage - INFO: Element Found Locator :save_track_spotifyLocatorType :id
07/26/2022 06:03:43 PM - FangatePage - INFO: Cannot clicked on the Element Locator ://div[@class='checkbox']//label[@for='save_track_spotify']LocatorType :xpath
07/26/2022 06:03:43 PM - FangatePage - INFO: Element Found Locator ://div[@class='checkbox']//label[@for='email_capture_spotify']LocatorType :xpath
07/26/2022 06:03:43 PM - FangatePage - INFO: Element Found Locator :email_capture_spotifyLocatorType :id
07/26/2022 06:03:43 PM - FangatePage - INFO: Cannot clicked on the Element Locator ://div[@class='checkbox']//label[@for='email_capture_spotify']LocatorType :xpath
07/26/2022 06:03:43 PM - FangatePage - INFO: Element Found Locator ://div[@class='checkbox']//label[@for='add_to_playlist_spotify']LocatorType :xpath
07/26/2022 06:03:43 PM - FangatePage - INFO: Element Found Locator :add_to_playlist_spotifyLocatorType :id
07/26/2022 06:03:43 PM - FangatePage - INFO: Cannot clicked on the Element Locator ://div[@class='checkbox']//label[@for='add_to_playlist_spotify']LocatorType :xpath
07/26/2022 06:03:43 PM - FangatePage - INFO: Element Found Locator ://div[@class='checkbox']//label[@for='follow_spotify']LocatorType :xpath
07/26/2022 06:03:43 PM - FangatePage - INFO: Element Found Locator :follow_spotifyLocatorType :id
07/26/2022 06:03:43 PM - FangatePage - INFO: Cannot clicked on the Element Locator ://div[@class='checkbox']//label[@for='follow_spotify']LocatorType :xpath
07/26/2022 06:03:43 PM - FangatePage - INFO: Element Found Locator :add_spotify_artistLocatorType :id
07/26/2022 06:03:43 PM - FangatePage - INFO: Not Wirte to the Element Locator :add_spotify_artistLocatorType :id
07/26/2022 06:03:47 PM - FangatePage - INFO: Element Not Found Locator ://div[@class='checkbox']//label[@for='save_track_ap']LocatorType :xpath
07/26/2022 06:03:50 PM - FangatePage - INFO: Element Not Found Locator :save_track_apLocatorType :id
07/26/2022 06:03:50 PM - FangatePage - INFO: Cannot clicked on the Element Locator ://div[@class='checkbox']//label[@for='save_track_ap']LocatorType :xpath
07/26/2022 06:03:50 PM - FangatePage - INFO: Element Found Locator ://div[@class='checkbox']//label[@for='add_to_playlist_imusic']LocatorType :xpath
07/26/2022 06:03:50 PM - FangatePage - INFO: Element Found Locator :add_to_playlist_imusicLocatorType :id
07/26/2022 06:03:50 PM - FangatePage - INFO: Cannot clicked on the Element Locator ://div[@class='checkbox']//label[@for='add_to_playlist_imusic']LocatorType :xpath
07/26/2022 06:03:50 PM - FangatePage - INFO: Element Found Locator ://div[@class='checkbox']//label[@for='follow_imusic']LocatorType :xpath
07/26/2022 06:03:50 PM - FangatePage - INFO: Element Found Locator :follow_imusicLocatorType :id
07/26/2022 06:03:50 PM - FangatePage - INFO: Cannot clicked on the Element Locator ://div[@class='checkbox']//label[@for='follow_imusic']LocatorType :xpath
07/26/2022 06:03:51 PM - FangatePage - INFO: Element Found Locator ://div[@class='checkbox']//label[@for='save_track_deezer']LocatorType :xpath
07/26/2022 06:03:51 PM - FangatePage - INFO: Element Found Locator :save_track_deezerLocatorType :id
07/26/2022 06:03:51 PM - FangatePage - INFO: Cannot clicked on the Element Locator ://div[@class='checkbox']//label[@for='save_track_deezer']LocatorType :xpath
07/26/2022 06:03:51 PM - FangatePage - INFO: Element Found Locator ://div[@class='checkbox']//label[@for='email_capture_deezer']LocatorType :xpath
07/26/2022 06:03:51 PM - FangatePage - INFO: Element Found Locator :email_capture_deezerLocatorType :id
07/26/2022 06:03:51 PM - FangatePage - INFO: Cannot clicked on the Element Locator ://div[@class='checkbox']//label[@for='email_capture_deezer']LocatorType :xpath
07/26/2022 06:03:51 PM - FangatePage - INFO: Element Found Locator ://div[@class='checkbox']//label[@for='add_to_playlist_deezer']LocatorType :xpath
07/26/2022 06:03:51 PM - FangatePage - INFO: Element Found Locator :add_to_playlist_deezerLocatorType :id
07/26/2022 06:03:51 PM - FangatePage - INFO: Cannot clicked on the Element Locator ://div[@class='checkbox']//label[@for='add_to_playlist_deezer']LocatorType :xpath
07/26/2022 06:03:52 PM - FangatePage - INFO: Element Found Locator ://div[@class='checkbox']//label[@for='follow_deezer']LocatorType :xpath
07/26/2022 06:03:52 PM - FangatePage - INFO: Element Found Locator :follow_deezerLocatorType :id
07/26/2022 06:03:52 PM - FangatePage - INFO: Cannot clicked on the Element Locator ://div[@class='checkbox']//label[@for='follow_deezer']LocatorType :xpath
07/26/2022 06:03:52 PM - FangatePage - INFO: Element Found Locator :add_deezer_artistLocatorType :id
07/26/2022 06:03:52 PM - FangatePage - INFO: Not Wirte to the Element Locator :add_deezer_artistLocatorType :id
07/26/2022 06:03:53 PM - FangatePage - INFO: Element Found Locator :add_hypeddit_buttonLocatorType :id
07/26/2022 06:03:53 PM - FangatePage - INFO: Cannot clicked on the Element Locator :add_hypeddit_buttonLocatorType :id
07/26/2022 06:03:57 PM - FangatePage - INFO: Element Not Found Locator ://input[@data-type='hypeddit' and @type='text']LocatorType :xpath
07/26/2022 06:03:57 PM - FangatePage - INFO: Not Wirte to the Element Locator ://input[@data-type='hypeddit' and @type='text']LocatorType :xpath
07/26/2022 06:03:57 PM - FangatePage - INFO: Element Found Locator :add_fanclub_buttonLocatorType :id
07/26/2022 06:03:57 PM - FangatePage - INFO: Cannot clicked on the Element Locator :add_fanclub_buttonLocatorType :id
07/26/2022 06:04:00 PM - FangatePage - INFO: Element Not Found Locator ://div[@class='checkbox']//label[@for='email_link']LocatorType :xpath
07/26/2022 06:04:03 PM - FangatePage - INFO: Element Not Found Locator :email_linkLocatorType :id
07/26/2022 06:04:03 PM - FangatePage - INFO: Cannot clicked on the Element Locator ://div[@class='checkbox']//label[@for='email_link']LocatorType :xpath
07/26/2022 06:04:06 PM - FangatePage - INFO: Element Not Found Locator ://div[@class='checkbox']//label[@for='email_exit']LocatorType :xpath
07/26/2022 06:04:09 PM - FangatePage - INFO: Element Not Found Locator :email_exitLocatorType :id
07/26/2022 06:04:09 PM - FangatePage - INFO: Cannot clicked on the Element Locator ://div[@class='checkbox']//label[@for='email_exit']LocatorType :xpath
07/26/2022 06:04:12 PM - FangatePage - INFO: Element Not Found Locator ://input[@placeholder='Fan Club (default)' and @type='text']LocatorType :xpath
07/26/2022 06:04:12 PM - FangatePage - INFO: Not Wirte to the Element Locator ://input[@placeholder='Fan Club (default)' and @type='text']LocatorType :xpath
07/26/2022 06:04:15 PM - FangatePage - INFO: Element Not Found Locator ://input[@placeholder='Join (default)' and @type='text']LocatorType :xpath
07/26/2022 06:04:15 PM - FangatePage - INFO: Not Wirte to the Element Locator ://input[@placeholder='Join (default)' and @type='text']LocatorType :xpath
07/26/2022 06:04:17 PM - FangatePage - INFO: Element Not Found Locator :subscription_headingLocatorType :id
07/26/2022 06:04:17 PM - FangatePage - INFO: Not Wirte to the Element Locator :subscription_headingLocatorType :id
07/26/2022 06:04:19 PM - FangatePage - INFO: Element Not Found Locator :subscription_descriptionLocatorType :id
07/26/2022 06:04:19 PM - FangatePage - INFO: Not Wirte to the Element Locator :subscription_descriptionLocatorType :id
07/26/2022 06:04:19 PM - FangatePage - INFO: Element Not Found Locator :close_button_textLocatorType :id
07/26/2022 06:04:19 PM - FangatePage - INFO: Not Wirte to the Element Locator :close_button_textLocatorType :id
07/26/2022 06:04:19 PM - FangatePage - INFO: Element Not Found Locator :add_share_buttonLocatorType :id
07/26/2022 06:04:19 PM - FangatePage - INFO: Cannot clicked on the Element Locator :add_share_buttonLocatorType :id
07/26/2022 06:04:19 PM - FangatePage - INFO: Element Not Found Locator :add_custom_buttonLocatorType :id
07/26/2022 06:04:19 PM - FangatePage - INFO: Cannot clicked on the Element Locator :add_custom_buttonLocatorType :id
07/26/2022 06:04:19 PM - FangatePage - INFO: Element Not Found Locator ://input[@placeholder='Enter Platform Name']LocatorType :xpath
07/26/2022 06:04:19 PM - FangatePage - INFO: Not Wirte to the Element Locator ://input[@placeholder='Enter Platform Name']LocatorType :xpath
07/26/2022 06:04:19 PM - FangatePage - INFO: Element Not Found Locator ://input[@placeholder='Enter the URL for this track' and @data-type='custom']LocatorType :xpath
07/26/2022 06:04:19 PM - FangatePage - INFO: Not Wirte to the Element Locator ://input[@placeholder='Enter the URL for this track' and @data-type='custom']LocatorType :xpath
07/26/2022 06:04:20 PM - FangatePage - INFO: Element Not Found Locator ://button[@class='btn dropdown-toggle btn-default']//span[text()='PLAY']LocatorType :xpath
07/26/2022 06:04:20 PM - FangatePage - INFO: Cannot clicked on the Element Locator ://button[@class='btn dropdown-toggle btn-default']//span[text()='PLAY']LocatorType :xpath
07/26/2022 06:04:21 PM - FangatePage - INFO: Element Not Found Locator ://ul[@class='dropdown-menu inner']//span[text()='DOWNLOAD']LocatorType :xpath
07/26/2022 06:04:21 PM - FangatePage - INFO: Cannot clicked on the Element Locator ://ul[@class='dropdown-menu inner']//span[text()='DOWNLOAD']LocatorType :xpath
07/26/2022 06:04:21 PM - FangatePage - INFO: Element Not Found Locator :next_box6_buttonLocatorType :id
07/26/2022 06:04:21 PM - FangatePage - INFO: Cannot clicked on the Element Locator :next_box6_buttonLocatorType :id
07/26/2022 06:04:25 PM - FangatePage - INFO: Element Not Found Locator :next_panel_custom_linkLocatorType :id
07/26/2022 06:04:25 PM - FangatePage - INFO: Cannot clicked on the Element Locator :next_panel_custom_linkLocatorType :id
07/26/2022 06:04:26 PM - FangatePage - INFO: Element Not Found Locator :next_panel_custom_linkLocatorType :id
07/26/2022 06:04:26 PM - FangatePage - INFO: Cannot clicked on the Element Locator :next_panel_custom_linkLocatorType :id
07/26/2022 06:04:29 PM - FangatePage - INFO: Element Not Found Locator ://div[@class='checkbox']//label[@for='set_newrelease']LocatorType :xpath
07/26/2022 06:04:29 PM - FangatePage - INFO: Cannot clicked on the Element Locator ://div[@class='checkbox']//label[@for='set_newrelease']LocatorType :xpath
07/26/2022 06:04:30 PM - FangatePage - INFO: Element Not Found Locator :next_newreleases_panelLocatorType :id
07/26/2022 06:04:30 PM - FangatePage - INFO: Cannot clicked on the Element Locator :next_newreleases_panelLocatorType :id
07/26/2022 06:04:32 PM - FangatePage - INFO: Element Not Found Locator :next_box8_buttonLocatorType :id
07/26/2022 06:04:32 PM - FangatePage - INFO: Cannot clicked on the Element Locator :next_box8_buttonLocatorType :id
07/26/2022 06:04:34 PM - FangatePage - INFO: Element Not Found Locator :facebook_pixelLocatorType :id
07/26/2022 06:04:34 PM - FangatePage - INFO: Not Wirte to the Element Locator :facebook_pixelLocatorType :id
07/26/2022 06:04:35 PM - FangatePage - INFO: Element Not Found Locator :facebook_pixel_tokenLocatorType :id
07/26/2022 06:04:35 PM - FangatePage - INFO: Not Wirte to the Element Locator :facebook_pixel_tokenLocatorType :id
07/26/2022 06:04:36 PM - FangatePage - INFO: Element Not Found Locator :gate_custom_fbpixel_buttonLocatorType :id
07/26/2022 06:04:36 PM - FangatePage - INFO: Cannot clicked on the Element Locator :gate_custom_fbpixel_buttonLocatorType :id
07/26/2022 06:04:38 PM - FangatePage - INFO: Element Not Found Locator :btn_create_fangateLocatorType :id
07/26/2022 06:04:38 PM - FangatePage - INFO: Cannot clicked on the Element Locator :btn_create_fangateLocatorType :id
07/26/2022 06:09:43 PM - FangatePage - INFO: Element Found Locator ://form[@id='devlock']//input[@type='password']LocatorType :xpath
07/26/2022 06:09:43 PM - FangatePage - INFO: Send Keys Successfully Locator ://form[@id='devlock']//input[@type='password']LocatorType :xpath
07/26/2022 06:09:43 PM - FangatePage - INFO: Element Found Locator ://div[@class='form-group']//button[@type='submit']LocatorType :xpath
07/26/2022 06:09:50 PM - FangatePage - INFO: Clicked on the Element Locator ://div[@class='form-group']//button[@type='submit']LocatorType :xpath
07/26/2022 06:10:04 PM - LoginPage - INFO: Element Found Locator :LoginLocatorType :link
07/26/2022 06:10:05 PM - LoginPage - INFO: Clicked on the Element Locator :LoginLocatorType :link
07/26/2022 06:10:05 PM - LoginPage - INFO: Element Found Locator :login_emailLocatorType :id
07/26/2022 06:10:05 PM - LoginPage - INFO: Element Found Locator :login_passwordLocatorType :id
07/26/2022 06:10:05 PM - LoginPage - INFO: Element Found Locator :login_emailLocatorType :id
07/26/2022 06:10:05 PM - LoginPage - INFO: Send Keys Successfully Locator :login_emailLocatorType :id
07/26/2022 06:10:05 PM - LoginPage - INFO: Element Found Locator :login_passwordLocatorType :id
07/26/2022 06:10:06 PM - LoginPage - INFO: Send Keys Successfully Locator :login_passwordLocatorType :id
07/26/2022 06:10:06 PM - LoginPage - INFO: Element Found Locator :login_buttonLocatorType :id
07/26/2022 06:10:11 PM - LoginPage - INFO: Clicked on the Element Locator :login_buttonLocatorType :id
07/26/2022 06:10:11 PM - FangatePage - INFO: Waiting for maximum :: 20 :: seconds for element to be clickable
07/26/2022 06:10:11 PM - FangatePage - INFO: Element appeared on the web page
07/26/2022 06:10:11 PM - FangatePage - INFO: Element Found Locator :Share MusicLocatorType :link
07/26/2022 06:10:12 PM - FangatePage - INFO: Clicked on the Element Locator :Share MusicLocatorType :link
07/26/2022 06:10:13 PM - FangatePage - INFO: Element Found Locator ://a[@href='https://dev2.hypeddit.com/smartlink/create']LocatorType :xpath
07/26/2022 06:10:15 PM - FangatePage - INFO: Clicked on the Element Locator ://a[@href='https://dev2.hypeddit.com/smartlink/create']LocatorType :xpath
07/26/2022 06:10:15 PM - FangatePage - INFO: Element Found Locator :track_urlLocatorType :id
07/26/2022 06:10:15 PM - FangatePage - INFO: Send Keys Successfully Locator :track_urlLocatorType :id
07/26/2022 06:10:16 PM - FangatePage - INFO: Element Found Locator :next_box1_buttonLocatorType :id
07/26/2022 06:10:16 PM - FangatePage - INFO: Clicked on the Element Locator :next_box1_buttonLocatorType :id
07/26/2022 06:10:16 PM - FangatePage - INFO: Waiting for maximum :: 20 :: seconds for element to be clickable
07/26/2022 06:10:24 PM - FangatePage - INFO: Element appeared on the web page
07/26/2022 06:10:24 PM - FangatePage - INFO: Element Found Locator ://button[@class='btn dropdown-toggle btn-default']//span[text()='Select genre']LocatorType :xpath
07/26/2022 06:10:24 PM - FangatePage - INFO: Clicked on the Element Locator ://button[@class='btn dropdown-toggle btn-default']//span[text()='Select genre']LocatorType :xpath
07/26/2022 06:10:25 PM - FangatePage - INFO: Element Found Locator ://ul[@class='dropdown-menu inner']//span[text()='Bass']LocatorType :xpath
07/26/2022 06:10:26 PM - FangatePage - INFO: Clicked on the Element Locator ://ul[@class='dropdown-menu inner']//span[text()='Bass']LocatorType :xpath
07/26/2022 06:10:27 PM - FangatePage - INFO: Element Found Locator :next_box2_buttonLocatorType :id
07/26/2022 06:10:27 PM - FangatePage - INFO: Clicked on the Element Locator :next_box2_buttonLocatorType :id
07/26/2022 06:10:29 PM - FangatePage - INFO: Element Found Locator :artist_nameLocatorType :id
07/26/2022 06:10:29 PM - FangatePage - INFO: Not Wirte to the Element Locator :artist_nameLocatorType :id
07/26/2022 06:10:30 PM - FangatePage - INFO: Element Found Locator :track_titleLocatorType :id
07/26/2022 06:10:30 PM - FangatePage - INFO: Send Keys Successfully Locator :track_titleLocatorType :id
07/26/2022 06:10:31 PM - FangatePage - INFO: Element Found Locator :next_box4_buttonLocatorType :id
07/26/2022 06:10:32 PM - FangatePage - INFO: Clicked on the Element Locator :next_box4_buttonLocatorType :id
07/26/2022 06:10:34 PM - FangatePage - INFO: Element Found Locator ://div[@class='checkbox']//label[@for='dark_theme']LocatorType :xpath
07/26/2022 06:10:34 PM - FangatePage - INFO: Clicked on the Element Locator ://div[@class='checkbox']//label[@for='dark_theme']LocatorType :xpath
07/26/2022 06:10:35 PM - FangatePage - INFO: Element Found Locator :next_box5_buttonLocatorType :id
07/26/2022 06:10:35 PM - FangatePage - INFO: Clicked on the Element Locator :next_box5_buttonLocatorType :id
07/26/2022 06:10:36 PM - FangatePage - INFO: Element Found Locator ://div[@class='checkbox']//label[@for='save_track_spotify']LocatorType :xpath
07/26/2022 06:10:36 PM - FangatePage - INFO: Element Found Locator :save_track_spotifyLocatorType :id
07/26/2022 06:10:37 PM - FangatePage - INFO: Clicked on the Element Locator ://div[@class='checkbox']//label[@for='save_track_spotify']LocatorType :xpath
07/26/2022 06:10:37 PM - FangatePage - INFO: Element Found Locator ://div[@class='checkbox']//label[@for='email_capture_spotify']LocatorType :xpath
07/26/2022 06:10:37 PM - FangatePage - INFO: Element Found Locator :email_capture_spotifyLocatorType :id
07/26/2022 06:10:37 PM - FangatePage - INFO: Element already Checked ://div[@class='checkbox']//label[@for='email_capture_spotify']LocatorType :xpath
07/26/2022 06:10:37 PM - FangatePage - INFO: Element Found Locator ://div[@class='checkbox']//label[@for='add_to_playlist_spotify']LocatorType :xpath
07/26/2022 06:10:37 PM - FangatePage - INFO: Element Found Locator :add_to_playlist_spotifyLocatorType :id
07/26/2022 06:10:37 PM - FangatePage - INFO: Clicked on the Element Locator ://div[@class='checkbox']//label[@for='add_to_playlist_spotify']LocatorType :xpath
07/26/2022 06:10:37 PM - FangatePage - INFO: Element Found Locator ://div[@class='checkbox']//label[@for='follow_spotify']LocatorType :xpath
07/26/2022 06:10:37 PM - FangatePage - INFO: Element Found Locator :follow_spotifyLocatorType :id
07/26/2022 06:10:37 PM - FangatePage - INFO: Clicked on the Element Locator ://div[@class='checkbox']//label[@for='follow_spotify']LocatorType :xpath
07/26/2022 06:10:37 PM - FangatePage - INFO: Element Found Locator :add_spotify_artistLocatorType :id
07/26/2022 06:10:37 PM - FangatePage - INFO: Send Keys Successfully Locator :add_spotify_artistLocatorType :id
07/26/2022 06:10:41 PM - FangatePage - INFO: Element Not Found Locator ://div[@class='checkbox']//label[@for='save_track_ap']LocatorType :xpath
07/26/2022 06:10:44 PM - FangatePage - INFO: Element Not Found Locator :save_track_apLocatorType :id
07/26/2022 06:10:44 PM - FangatePage - INFO: Cannot clicked on the Element Locator ://div[@class='checkbox']//label[@for='save_track_ap']LocatorType :xpath
07/26/2022 06:10:44 PM - FangatePage - INFO: Element Found Locator ://div[@class='checkbox']//label[@for='add_to_playlist_imusic']LocatorType :xpath
07/26/2022 06:10:44 PM - FangatePage - INFO: Element Found Locator :add_to_playlist_imusicLocatorType :id
07/26/2022 06:10:45 PM - FangatePage - INFO: Clicked on the Element Locator ://div[@class='checkbox']//label[@for='add_to_playlist_imusic']LocatorType :xpath
07/26/2022 06:10:45 PM - FangatePage - INFO: Element Found Locator ://div[@class='checkbox']//label[@for='follow_imusic']LocatorType :xpath
07/26/2022 06:10:45 PM - FangatePage - INFO: Element Found Locator :follow_imusicLocatorType :id
07/26/2022 06:10:45 PM - FangatePage - INFO: Clicked on the Element Locator ://div[@class='checkbox']//label[@for='follow_imusic']LocatorType :xpath
07/26/2022 06:10:46 PM - FangatePage - INFO: Element Not Found Locator ://div[@class='checkbox']//label[@for='save_track_deezer']LocatorType :xpath
07/26/2022 06:10:46 PM - FangatePage - INFO: Element Not Found Locator :save_track_deezerLocatorType :id
07/26/2022 06:10:46 PM - FangatePage - INFO: Cannot clicked on the Element Locator ://div[@class='checkbox']//label[@for='save_track_deezer']LocatorType :xpath
07/26/2022 06:10:47 PM - FangatePage - INFO: Element Not Found Locator ://div[@class='checkbox']//label[@for='email_capture_deezer']LocatorType :xpath
07/26/2022 06:10:47 PM - FangatePage - INFO: Element Not Found Locator :email_capture_deezerLocatorType :id
07/26/2022 06:10:47 PM - FangatePage - INFO: Cannot clicked on the Element Locator ://div[@class='checkbox']//label[@for='email_capture_deezer']LocatorType :xpath
07/26/2022 06:10:47 PM - FangatePage - INFO: Element Not Found Locator ://div[@class='checkbox']//label[@for='add_to_playlist_deezer']LocatorType :xpath
07/26/2022 06:10:47 PM - FangatePage - INFO: Element Not Found Locator :add_to_playlist_deezerLocatorType :id
07/26/2022 06:10:47 PM - FangatePage - INFO: Cannot clicked on the Element Locator ://div[@class='checkbox']//label[@for='add_to_playlist_deezer']LocatorType :xpath
07/26/2022 06:10:47 PM - FangatePage - INFO: Element Not Found Locator ://div[@class='checkbox']//label[@for='follow_deezer']LocatorType :xpath
07/26/2022 06:10:47 PM - FangatePage - INFO: Element Not Found Locator :follow_deezerLocatorType :id
07/26/2022 06:10:47 PM - FangatePage - INFO: Cannot clicked on the Element Locator ://div[@class='checkbox']//label[@for='follow_deezer']LocatorType :xpath
07/26/2022 06:10:47 PM - FangatePage - INFO: Element Not Found Locator :add_deezer_artistLocatorType :id
07/26/2022 06:10:47 PM - FangatePage - INFO: Not Wirte to the Element Locator :add_deezer_artistLocatorType :id
07/26/2022 06:10:48 PM - FangatePage - INFO: Element Not Found Locator :add_hypeddit_buttonLocatorType :id
07/26/2022 06:10:48 PM - FangatePage - INFO: Cannot clicked on the Element Locator :add_hypeddit_buttonLocatorType :id
07/26/2022 06:10:49 PM - FangatePage - INFO: Element Not Found Locator ://input[@data-type='hypeddit' and @type='text']LocatorType :xpath
07/26/2022 06:10:49 PM - FangatePage - INFO: Not Wirte to the Element Locator ://input[@data-type='hypeddit' and @type='text']LocatorType :xpath
07/26/2022 06:10:49 PM - FangatePage - INFO: Element Not Found Locator :add_fanclub_buttonLocatorType :id
07/26/2022 06:10:49 PM - FangatePage - INFO: Cannot clicked on the Element Locator :add_fanclub_buttonLocatorType :id
07/26/2022 06:10:49 PM - FangatePage - INFO: Element Not Found Locator ://div[@class='checkbox']//label[@for='email_link']LocatorType :xpath
07/26/2022 06:10:49 PM - FangatePage - INFO: Element Not Found Locator :email_linkLocatorType :id
07/26/2022 06:10:49 PM - FangatePage - INFO: Cannot clicked on the Element Locator ://div[@class='checkbox']//label[@for='email_link']LocatorType :xpath
07/26/2022 06:10:49 PM - FangatePage - INFO: Element Not Found Locator ://div[@class='checkbox']//label[@for='email_exit']LocatorType :xpath
07/26/2022 06:10:49 PM - FangatePage - INFO: Element Not Found Locator :email_exitLocatorType :id
07/26/2022 06:10:49 PM - FangatePage - INFO: Cannot clicked on the Element Locator ://div[@class='checkbox']//label[@for='email_exit']LocatorType :xpath
07/26/2022 06:10:49 PM - FangatePage - INFO: Element Not Found Locator ://input[@placeholder='Fan Club (default)' and @type='text']LocatorType :xpath
07/26/2022 06:10:50 PM - FangatePage - INFO: Not Wirte to the Element Locator ://input[@placeholder='Fan Club (default)' and @type='text']LocatorType :xpath
07/26/2022 06:10:50 PM - FangatePage - INFO: Element Not Found Locator ://input[@placeholder='Join (default)' and @type='text']LocatorType :xpath
07/26/2022 06:10:50 PM - FangatePage - INFO: Not Wirte to the Element Locator ://input[@placeholder='Join (default)' and @type='text']LocatorType :xpath
07/26/2022 06:10:50 PM - FangatePage - INFO: Element Not Found Locator :subscription_headingLocatorType :id
07/26/2022 06:10:50 PM - FangatePage - INFO: Not Wirte to the Element Locator :subscription_headingLocatorType :id
07/26/2022 06:10:50 PM - FangatePage - INFO: Element Not Found Locator :subscription_descriptionLocatorType :id
07/26/2022 06:10:50 PM - FangatePage - INFO: Not Wirte to the Element Locator :subscription_descriptionLocatorType :id
07/26/2022 06:10:50 PM - FangatePage - INFO: Element Not Found Locator :close_button_textLocatorType :id
07/26/2022 06:10:50 PM - FangatePage - INFO: Not Wirte to the Element Locator :close_button_textLocatorType :id
07/26/2022 06:10:50 PM - FangatePage - INFO: Element Not Found Locator :add_share_buttonLocatorType :id
07/26/2022 06:10:50 PM - FangatePage - INFO: Cannot clicked on the Element Locator :add_share_buttonLocatorType :id
07/26/2022 06:10:50 PM - FangatePage - INFO: Element Not Found Locator :add_custom_buttonLocatorType :id
07/26/2022 06:10:50 PM - FangatePage - INFO: Cannot clicked on the Element Locator :add_custom_buttonLocatorType :id
07/26/2022 06:10:50 PM - FangatePage - INFO: Element Not Found Locator ://input[@placeholder='Enter Platform Name']LocatorType :xpath
07/26/2022 06:10:50 PM - FangatePage - INFO: Not Wirte to the Element Locator ://input[@placeholder='Enter Platform Name']LocatorType :xpath
07/26/2022 06:10:50 PM - FangatePage - INFO: Element Not Found Locator ://input[@placeholder='Enter the URL for this track' and @data-type='custom']LocatorType :xpath
07/26/2022 06:10:50 PM - FangatePage - INFO: Not Wirte to the Element Locator ://input[@placeholder='Enter the URL for this track' and @data-type='custom']LocatorType :xpath
07/26/2022 06:10:51 PM - FangatePage - INFO: Element Not Found Locator ://button[@class='btn dropdown-toggle btn-default']//span[text()='PLAY']LocatorType :xpath
07/26/2022 06:10:51 PM - FangatePage - INFO: Cannot clicked on the Element Locator ://button[@class='btn dropdown-toggle btn-default']//span[text()='PLAY']LocatorType :xpath
07/26/2022 06:10:52 PM - FangatePage - INFO: Element Not Found Locator ://ul[@class='dropdown-menu inner']//span[text()='DOWNLOAD']LocatorType :xpath
07/26/2022 06:10:52 PM - FangatePage - INFO: Cannot clicked on the Element Locator ://ul[@class='dropdown-menu inner']//span[text()='DOWNLOAD']LocatorType :xpath
07/26/2022 06:10:52 PM - FangatePage - INFO: Element Not Found Locator :next_box6_buttonLocatorType :id
07/26/2022 06:10:52 PM - FangatePage - INFO: Cannot clicked on the Element Locator :next_box6_buttonLocatorType :id
07/26/2022 06:10:56 PM - FangatePage - INFO: Element Not Found Locator :next_panel_custom_linkLocatorType :id
07/26/2022 06:10:56 PM - FangatePage - INFO: Cannot clicked on the Element Locator :next_panel_custom_linkLocatorType :id
07/26/2022 06:10:57 PM - FangatePage - INFO: Element Not Found Locator :next_panel_custom_linkLocatorType :id
07/26/2022 06:10:57 PM - FangatePage - INFO: Cannot clicked on the Element Locator :next_panel_custom_linkLocatorType :id
07/26/2022 06:11:00 PM - FangatePage - INFO: Element Not Found Locator ://div[@class='checkbox']//label[@for='set_newrelease']LocatorType :xpath
07/26/2022 06:11:00 PM - FangatePage - INFO: Cannot clicked on the Element Locator ://div[@class='checkbox']//label[@for='set_newrelease']LocatorType :xpath
07/26/2022 06:11:01 PM - FangatePage - INFO: Element Not Found Locator :next_newreleases_panelLocatorType :id
07/26/2022 06:11:01 PM - FangatePage - INFO: Cannot clicked on the Element Locator :next_newreleases_panelLocatorType :id
07/26/2022 06:11:03 PM - FangatePage - INFO: Element Not Found Locator :next_box8_buttonLocatorType :id
07/26/2022 06:11:03 PM - FangatePage - INFO: Cannot clicked on the Element Locator :next_box8_buttonLocatorType :id
07/26/2022 06:11:05 PM - FangatePage - INFO: Element Not Found Locator :facebook_pixelLocatorType :id
07/26/2022 06:11:05 PM - FangatePage - INFO: Not Wirte to the Element Locator :facebook_pixelLocatorType :id
07/26/2022 06:11:06 PM - FangatePage - INFO: Element Not Found Locator :facebook_pixel_tokenLocatorType :id
07/26/2022 06:11:06 PM - FangatePage - INFO: Not Wirte to the Element Locator :facebook_pixel_tokenLocatorType :id
07/26/2022 06:11:07 PM - FangatePage - INFO: Element Not Found Locator :gate_custom_fbpixel_buttonLocatorType :id
07/26/2022 06:11:07 PM - FangatePage - INFO: Cannot clicked on the Element Locator :gate_custom_fbpixel_buttonLocatorType :id
07/26/2022 06:11:09 PM - FangatePage - INFO: Element Not Found Locator :btn_create_fangateLocatorType :id
07/26/2022 06:11:09 PM - FangatePage - INFO: Cannot clicked on the Element Locator :btn_create_fangateLocatorType :id
07/26/2022 06:14:15 PM - FangatePage - INFO: Element Found Locator ://form[@id='devlock']//input[@type='password']LocatorType :xpath
07/26/2022 06:14:15 PM - FangatePage - INFO: Send Keys Successfully Locator ://form[@id='devlock']//input[@type='password']LocatorType :xpath
07/26/2022 06:14:15 PM - FangatePage - INFO: Element Found Locator ://div[@class='form-group']//button[@type='submit']LocatorType :xpath
07/26/2022 06:14:21 PM - FangatePage - INFO: Clicked on the Element Locator ://div[@class='form-group']//button[@type='submit']LocatorType :xpath
07/26/2022 06:14:34 PM - LoginPage - INFO: Element Found Locator :LoginLocatorType :link
07/26/2022 06:14:35 PM - LoginPage - INFO: Clicked on the Element Locator :LoginLocatorType :link
07/26/2022 06:14:35 PM - LoginPage - INFO: Element Found Locator :login_emailLocatorType :id
07/26/2022 06:14:35 PM - LoginPage - INFO: Element Found Locator :login_passwordLocatorType :id
07/26/2022 06:14:35 PM - LoginPage - INFO: Element Found Locator :login_emailLocatorType :id
07/26/2022 06:14:35 PM - LoginPage - INFO: Send Keys Successfully Locator :login_emailLocatorType :id
07/26/2022 06:14:35 PM - LoginPage - INFO: Element Found Locator :login_passwordLocatorType :id
07/26/2022 06:14:35 PM - LoginPage - INFO: Send Keys Successfully Locator :login_passwordLocatorType :id
07/26/2022 06:14:35 PM - LoginPage - INFO: Element Found Locator :login_buttonLocatorType :id
07/26/2022 06:14:40 PM - LoginPage - INFO: Clicked on the Element Locator :login_buttonLocatorType :id
07/26/2022 06:14:40 PM - FangatePage - INFO: Waiting for maximum :: 20 :: seconds for element to be clickable
07/26/2022 06:14:40 PM - FangatePage - INFO: Element appeared on the web page
07/26/2022 06:14:40 PM - FangatePage - INFO: Element Found Locator :Share MusicLocatorType :link
07/26/2022 06:14:41 PM - FangatePage - INFO: Clicked on the Element Locator :Share MusicLocatorType :link
07/26/2022 06:14:42 PM - FangatePage - INFO: Element Found Locator ://a[@href='https://dev2.hypeddit.com/smartlink/create']LocatorType :xpath
07/26/2022 06:14:46 PM - FangatePage - INFO: Clicked on the Element Locator ://a[@href='https://dev2.hypeddit.com/smartlink/create']LocatorType :xpath
07/26/2022 06:14:46 PM - FangatePage - INFO: Element Found Locator :track_urlLocatorType :id
07/26/2022 06:14:46 PM - FangatePage - INFO: Send Keys Successfully Locator :track_urlLocatorType :id
07/26/2022 06:14:47 PM - FangatePage - INFO: Element Found Locator :next_box1_buttonLocatorType :id
07/26/2022 06:14:47 PM - FangatePage - INFO: Clicked on the Element Locator :next_box1_buttonLocatorType :id
07/26/2022 06:14:47 PM - FangatePage - INFO: Waiting for maximum :: 20 :: seconds for element to be clickable
07/26/2022 06:14:57 PM - FangatePage - INFO: Element appeared on the web page
07/26/2022 06:14:57 PM - FangatePage - INFO: Element Found Locator ://button[@class='btn dropdown-toggle btn-default']//span[text()='Select genre']LocatorType :xpath
07/26/2022 06:14:57 PM - FangatePage - INFO: Clicked on the Element Locator ://button[@class='btn dropdown-toggle btn-default']//span[text()='Select genre']LocatorType :xpath
07/26/2022 06:14:58 PM - FangatePage - INFO: Element Found Locator ://ul[@class='dropdown-menu inner']//span[text()='Bass']LocatorType :xpath
07/26/2022 06:14:59 PM - FangatePage - INFO: Clicked on the Element Locator ://ul[@class='dropdown-menu inner']//span[text()='Bass']LocatorType :xpath
07/26/2022 06:15:00 PM - FangatePage - INFO: Waiting for maximum :: 20 :: seconds for element to be clickable
07/26/2022 06:15:00 PM - FangatePage - INFO: Element appeared on the web page
07/26/2022 06:15:00 PM - FangatePage - INFO: Element Found Locator :next_box2_buttonLocatorType :id
07/26/2022 06:15:00 PM - FangatePage - INFO: Clicked on the Element Locator :next_box2_buttonLocatorType :id
07/26/2022 06:15:02 PM - FangatePage - INFO: Element Found Locator :artist_nameLocatorType :id
07/26/2022 06:15:02 PM - FangatePage - INFO: Not Wirte to the Element Locator :artist_nameLocatorType :id
07/26/2022 06:15:03 PM - FangatePage - INFO: Element Found Locator :track_titleLocatorType :id
07/26/2022 06:15:03 PM - FangatePage - INFO: Not Wirte to the Element Locator :track_titleLocatorType :id
07/26/2022 06:15:04 PM - FangatePage - INFO: Element Found Locator :next_box4_buttonLocatorType :id
07/26/2022 06:15:04 PM - FangatePage - INFO: Cannot clicked on the Element Locator :next_box4_buttonLocatorType :id
07/26/2022 06:15:06 PM - FangatePage - INFO: Element Found Locator ://div[@class='checkbox']//label[@for='dark_theme']LocatorType :xpath
07/26/2022 06:15:06 PM - FangatePage - INFO: Cannot clicked on the Element Locator ://div[@class='checkbox']//label[@for='dark_theme']LocatorType :xpath
07/26/2022 06:15:07 PM - FangatePage - INFO: Element Found Locator :next_box5_buttonLocatorType :id
07/26/2022 06:15:07 PM - FangatePage - INFO: Cannot clicked on the Element Locator :next_box5_buttonLocatorType :id
07/26/2022 06:15:08 PM - FangatePage - INFO: Element Found Locator ://div[@class='checkbox']//label[@for='save_track_spotify']LocatorType :xpath
07/26/2022 06:15:08 PM - FangatePage - INFO: Element Found Locator :save_track_spotifyLocatorType :id
07/26/2022 06:15:08 PM - FangatePage - INFO: Cannot clicked on the Element Locator ://div[@class='checkbox']//label[@for='save_track_spotify']LocatorType :xpath
07/26/2022 06:15:08 PM - FangatePage - INFO: Element Found Locator ://div[@class='checkbox']//label[@for='email_capture_spotify']LocatorType :xpath
07/26/2022 06:15:08 PM - FangatePage - INFO: Element Found Locator :email_capture_spotifyLocatorType :id
07/26/2022 06:15:08 PM - FangatePage - INFO: Cannot clicked on the Element Locator ://div[@class='checkbox']//label[@for='email_capture_spotify']LocatorType :xpath
07/26/2022 06:15:08 PM - FangatePage - INFO: Element Found Locator ://div[@class='checkbox']//label[@for='add_to_playlist_spotify']LocatorType :xpath
07/26/2022 06:15:08 PM - FangatePage - INFO: Element Found Locator :add_to_playlist_spotifyLocatorType :id
07/26/2022 06:15:08 PM - FangatePage - INFO: Cannot clicked on the Element Locator ://div[@class='checkbox']//label[@for='add_to_playlist_spotify']LocatorType :xpath
07/26/2022 06:15:08 PM - FangatePage - INFO: Element Found Locator ://div[@class='checkbox']//label[@for='follow_spotify']LocatorType :xpath
07/26/2022 06:15:08 PM - FangatePage - INFO: Element Found Locator :follow_spotifyLocatorType :id
07/26/2022 06:15:08 PM - FangatePage - INFO: Cannot clicked on the Element Locator ://div[@class='checkbox']//label[@for='follow_spotify']LocatorType :xpath
07/26/2022 06:15:08 PM - FangatePage - INFO: Element Found Locator :add_spotify_artistLocatorType :id
07/26/2022 06:15:08 PM - FangatePage - INFO: Not Wirte to the Element Locator :add_spotify_artistLocatorType :id
07/26/2022 06:15:10 PM - FangatePage - INFO: Element Not Found Locator ://div[@class='checkbox']//label[@for='save_track_ap']LocatorType :xpath
07/26/2022 06:15:12 PM - FangatePage - INFO: Element Not Found Locator :save_track_apLocatorType :id
07/26/2022 06:15:12 PM - FangatePage - INFO: Cannot clicked on the Element Locator ://div[@class='checkbox']//label[@for='save_track_ap']LocatorType :xpath
07/26/2022 06:15:12 PM - FangatePage - INFO: Element Not Found Locator ://div[@class='checkbox']//label[@for='add_to_playlist_imusic']LocatorType :xpath
07/26/2022 06:15:12 PM - FangatePage - INFO: Element Not Found Locator :add_to_playlist_imusicLocatorType :id
07/26/2022 06:15:12 PM - FangatePage - INFO: Cannot clicked on the Element Locator ://div[@class='checkbox']//label[@for='add_to_playlist_imusic']LocatorType :xpath
07/26/2022 06:15:12 PM - FangatePage - INFO: Element Not Found Locator ://div[@class='checkbox']//label[@for='follow_imusic']LocatorType :xpath
07/26/2022 06:15:12 PM - FangatePage - INFO: Element Not Found Locator :follow_imusicLocatorType :id
07/26/2022 06:15:12 PM - FangatePage - INFO: Cannot clicked on the Element Locator ://div[@class='checkbox']//label[@for='follow_imusic']LocatorType :xpath
07/26/2022 06:15:13 PM - FangatePage - INFO: Element Not Found Locator ://div[@class='checkbox']//label[@for='save_track_deezer']LocatorType :xpath
07/26/2022 06:15:13 PM - FangatePage - INFO: Element Not Found Locator :save_track_deezerLocatorType :id
07/26/2022 06:15:13 PM - FangatePage - INFO: Cannot clicked on the Element Locator ://div[@class='checkbox']//label[@for='save_track_deezer']LocatorType :xpath
07/26/2022 06:15:13 PM - FangatePage - INFO: Element Not Found Locator ://div[@class='checkbox']//label[@for='email_capture_deezer']LocatorType :xpath
07/26/2022 06:15:13 PM - FangatePage - INFO: Element Not Found Locator :email_capture_deezerLocatorType :id
07/26/2022 06:15:13 PM - FangatePage - INFO: Cannot clicked on the Element Locator ://div[@class='checkbox']//label[@for='email_capture_deezer']LocatorType :xpath
07/26/2022 06:15:13 PM - FangatePage - INFO: Element Not Found Locator ://div[@class='checkbox']//label[@for='add_to_playlist_deezer']LocatorType :xpath
07/26/2022 06:15:13 PM - FangatePage - INFO: Element Not Found Locator :add_to_playlist_deezerLocatorType :id
07/26/2022 06:15:13 PM - FangatePage - INFO: Cannot clicked on the Element Locator ://div[@class='checkbox']//label[@for='add_to_playlist_deezer']LocatorType :xpath
07/26/2022 06:15:13 PM - FangatePage - INFO: Element Not Found Locator ://div[@class='checkbox']//label[@for='follow_deezer']LocatorType :xpath
07/26/2022 06:15:13 PM - FangatePage - INFO: Element Not Found Locator :follow_deezerLocatorType :id
07/26/2022 06:15:13 PM - FangatePage - INFO: Cannot clicked on the Element Locator ://div[@class='checkbox']//label[@for='follow_deezer']LocatorType :xpath
07/26/2022 06:15:13 PM - FangatePage - INFO: Element Not Found Locator :add_deezer_artistLocatorType :id
07/26/2022 06:15:13 PM - FangatePage - INFO: Not Wirte to the Element Locator :add_deezer_artistLocatorType :id
07/26/2022 06:15:14 PM - FangatePage - INFO: Element Not Found Locator :add_hypeddit_buttonLocatorType :id
07/26/2022 06:15:14 PM - FangatePage - INFO: Cannot clicked on the Element Locator :add_hypeddit_buttonLocatorType :id
07/26/2022 06:15:15 PM - FangatePage - INFO: Element Not Found Locator ://input[@data-type='hypeddit' and @type='text']LocatorType :xpath
07/26/2022 06:15:15 PM - FangatePage - INFO: Not Wirte to the Element Locator ://input[@data-type='hypeddit' and @type='text']LocatorType :xpath
07/26/2022 06:15:15 PM - FangatePage - INFO: Element Not Found Locator :add_fanclub_buttonLocatorType :id
07/26/2022 06:15:15 PM - FangatePage - INFO: Cannot clicked on the Element Locator :add_fanclub_buttonLocatorType :id
07/26/2022 06:15:15 PM - FangatePage - INFO: Element Not Found Locator ://div[@class='checkbox']//label[@for='email_link']LocatorType :xpath
07/26/2022 06:15:15 PM - FangatePage - INFO: Element Not Found Locator :email_linkLocatorType :id
07/26/2022 06:15:15 PM - FangatePage - INFO: Cannot clicked on the Element Locator ://div[@class='checkbox']//label[@for='email_link']LocatorType :xpath
07/26/2022 06:15:15 PM - FangatePage - INFO: Element Not Found Locator ://div[@class='checkbox']//label[@for='email_exit']LocatorType :xpath
07/26/2022 06:15:15 PM - FangatePage - INFO: Element Not Found Locator :email_exitLocatorType :id
07/26/2022 06:15:15 PM - FangatePage - INFO: Cannot clicked on the Element Locator ://div[@class='checkbox']//label[@for='email_exit']LocatorType :xpath
07/26/2022 06:15:15 PM - FangatePage - INFO: Element Not Found Locator ://input[@placeholder='Fan Club (default)' and @type='text']LocatorType :xpath
07/26/2022 06:15:15 PM - FangatePage - INFO: Not Wirte to the Element Locator ://input[@placeholder='Fan Club (default)' and @type='text']LocatorType :xpath
07/26/2022 06:15:15 PM - FangatePage - INFO: Element Not Found Locator ://input[@placeholder='Join (default)' and @type='text']LocatorType :xpath
07/26/2022 06:15:15 PM - FangatePage - INFO: Not Wirte to the Element Locator ://input[@placeholder='Join (default)' and @type='text']LocatorType :xpath
07/26/2022 06:15:15 PM - FangatePage - INFO: Element Not Found Locator :subscription_headingLocatorType :id
07/26/2022 06:15:15 PM - FangatePage - INFO: Not Wirte to the Element Locator :subscription_headingLocatorType :id
07/26/2022 06:15:15 PM - FangatePage - INFO: Element Not Found Locator :subscription_descriptionLocatorType :id
07/26/2022 06:15:15 PM - FangatePage - INFO: Not Wirte to the Element Locator :subscription_descriptionLocatorType :id
07/26/2022 06:15:15 PM - FangatePage - INFO: Element Not Found Locator :close_button_textLocatorType :id
07/26/2022 06:15:15 PM - FangatePage - INFO: Not Wirte to the Element Locator :close_button_textLocatorType :id
07/26/2022 06:15:15 PM - FangatePage - INFO: Element Not Found Locator :add_share_buttonLocatorType :id
07/26/2022 06:15:15 PM - FangatePage - INFO: Cannot clicked on the Element Locator :add_share_buttonLocatorType :id
07/26/2022 06:15:15 PM - FangatePage - INFO: Element Not Found Locator :add_custom_buttonLocatorType :id
07/26/2022 06:15:15 PM - FangatePage - INFO: Cannot clicked on the Element Locator :add_custom_buttonLocatorType :id
07/26/2022 06:15:15 PM - FangatePage - INFO: Element Not Found Locator ://input[@placeholder='Enter Platform Name']LocatorType :xpath
07/26/2022 06:15:15 PM - FangatePage - INFO: Not Wirte to the Element Locator ://input[@placeholder='Enter Platform Name']LocatorType :xpath
07/26/2022 06:15:15 PM - FangatePage - INFO: Element Not Found Locator ://input[@placeholder='Enter the URL for this track' and @data-type='custom']LocatorType :xpath
07/26/2022 06:15:15 PM - FangatePage - INFO: Not Wirte to the Element Locator ://input[@placeholder='Enter the URL for this track' and @data-type='custom']LocatorType :xpath
07/26/2022 06:15:16 PM - FangatePage - INFO: Element Not Found Locator ://button[@class='btn dropdown-toggle btn-default']//span[text()='PLAY']LocatorType :xpath
07/26/2022 06:15:16 PM - FangatePage - INFO: Cannot clicked on the Element Locator ://button[@class='btn dropdown-toggle btn-default']//span[text()='PLAY']LocatorType :xpath
07/26/2022 06:15:17 PM - FangatePage - INFO: Element Not Found Locator ://ul[@class='dropdown-menu inner']//span[text()='DOWNLOAD']LocatorType :xpath
07/26/2022 06:15:17 PM - FangatePage - INFO: Cannot clicked on the Element Locator ://ul[@class='dropdown-menu inner']//span[text()='DOWNLOAD']LocatorType :xpath
07/26/2022 06:15:17 PM - FangatePage - INFO: Element Not Found Locator :next_box6_buttonLocatorType :id
07/26/2022 06:15:17 PM - FangatePage - INFO: Cannot clicked on the Element Locator :next_box6_buttonLocatorType :id
07/26/2022 06:15:21 PM - FangatePage - INFO: Element Not Found Locator :next_panel_custom_linkLocatorType :id
07/26/2022 06:15:21 PM - FangatePage - INFO: Cannot clicked on the Element Locator :next_panel_custom_linkLocatorType :id
07/26/2022 06:15:22 PM - FangatePage - INFO: Element Not Found Locator :next_panel_custom_linkLocatorType :id
07/26/2022 06:15:22 PM - FangatePage - INFO: Cannot clicked on the Element Locator :next_panel_custom_linkLocatorType :id
07/26/2022 06:15:25 PM - FangatePage - INFO: Element Not Found Locator ://div[@class='checkbox']//label[@for='set_newrelease']LocatorType :xpath
07/26/2022 06:15:25 PM - FangatePage - INFO: Cannot clicked on the Element Locator ://div[@class='checkbox']//label[@for='set_newrelease']LocatorType :xpath
07/26/2022 06:15:26 PM - FangatePage - INFO: Element Not Found Locator :next_newreleases_panelLocatorType :id
07/26/2022 06:15:26 PM - FangatePage - INFO: Cannot clicked on the Element Locator :next_newreleases_panelLocatorType :id
07/26/2022 06:15:28 PM - FangatePage - INFO: Element Not Found Locator :next_box8_buttonLocatorType :id
07/26/2022 06:15:28 PM - FangatePage - INFO: Cannot clicked on the Element Locator :next_box8_buttonLocatorType :id
07/26/2022 06:15:30 PM - FangatePage - INFO: Element Not Found Locator :facebook_pixelLocatorType :id
07/26/2022 06:15:30 PM - FangatePage - INFO: Not Wirte to the Element Locator :facebook_pixelLocatorType :id
07/26/2022 06:15:31 PM - FangatePage - INFO: Element Not Found Locator :facebook_pixel_tokenLocatorType :id
07/26/2022 06:15:31 PM - FangatePage - INFO: Not Wirte to the Element Locator :facebook_pixel_tokenLocatorType :id
07/26/2022 06:15:32 PM - FangatePage - INFO: Element Not Found Locator :gate_custom_fbpixel_buttonLocatorType :id
07/26/2022 06:15:32 PM - FangatePage - INFO: Cannot clicked on the Element Locator :gate_custom_fbpixel_buttonLocatorType :id
07/26/2022 06:15:34 PM - FangatePage - INFO: Element Not Found Locator :btn_create_fangateLocatorType :id
07/26/2022 06:15:34 PM - FangatePage - INFO: Cannot clicked on the Element Locator :btn_create_fangateLocatorType :id
07/26/2022 06:16:54 PM - FangatePage - INFO: Element Found Locator ://form[@id='devlock']//input[@type='password']LocatorType :xpath
07/26/2022 06:16:54 PM - FangatePage - INFO: Send Keys Successfully Locator ://form[@id='devlock']//input[@type='password']LocatorType :xpath
07/26/2022 06:16:54 PM - FangatePage - INFO: Element Found Locator ://div[@class='form-group']//button[@type='submit']LocatorType :xpath
07/26/2022 06:17:00 PM - FangatePage - INFO: Clicked on the Element Locator ://div[@class='form-group']//button[@type='submit']LocatorType :xpath
07/26/2022 06:17:13 PM - LoginPage - INFO: Element Found Locator :LoginLocatorType :link
07/26/2022 06:17:14 PM - LoginPage - INFO: Clicked on the Element Locator :LoginLocatorType :link
07/26/2022 06:17:14 PM - LoginPage - INFO: Element Found Locator :login_emailLocatorType :id
07/26/2022 06:17:14 PM - LoginPage - INFO: Element Found Locator :login_passwordLocatorType :id
07/26/2022 06:17:14 PM - LoginPage - INFO: Element Found Locator :login_emailLocatorType :id
07/26/2022 06:17:14 PM - LoginPage - INFO: Send Keys Successfully Locator :login_emailLocatorType :id
07/26/2022 06:17:15 PM - LoginPage - INFO: Element Found Locator :login_passwordLocatorType :id
07/26/2022 06:17:15 PM - LoginPage - INFO: Send Keys Successfully Locator :login_passwordLocatorType :id
07/26/2022 06:17:15 PM - LoginPage - INFO: Element Found Locator :login_buttonLocatorType :id
07/26/2022 06:17:19 PM - LoginPage - INFO: Clicked on the Element Locator :login_buttonLocatorType :id
07/26/2022 06:17:19 PM - FangatePage - INFO: Waiting for maximum :: 20 :: seconds for element to be clickable
07/26/2022 06:17:19 PM - FangatePage - INFO: Element appeared on the web page
07/26/2022 06:17:19 PM - FangatePage - INFO: Element Found Locator :Share MusicLocatorType :link
07/26/2022 06:17:20 PM - FangatePage - INFO: Clicked on the Element Locator :Share MusicLocatorType :link
07/26/2022 06:17:21 PM - FangatePage - INFO: Element Found Locator ://a[@href='https://dev2.hypeddit.com/smartlink/create']LocatorType :xpath
07/26/2022 06:17:23 PM - FangatePage - INFO: Clicked on the Element Locator ://a[@href='https://dev2.hypeddit.com/smartlink/create']LocatorType :xpath
07/26/2022 06:17:23 PM - FangatePage - INFO: Element Found Locator :track_urlLocatorType :id
07/26/2022 06:17:23 PM - FangatePage - INFO: Send Keys Successfully Locator :track_urlLocatorType :id
07/26/2022 06:17:24 PM - FangatePage - INFO: Element Found Locator :next_box1_buttonLocatorType :id
07/26/2022 06:17:24 PM - FangatePage - INFO: Clicked on the Element Locator :next_box1_buttonLocatorType :id
07/26/2022 06:17:24 PM - FangatePage - INFO: Waiting for maximum :: 20 :: seconds for element to be clickable
07/26/2022 06:17:33 PM - FangatePage - INFO: Element appeared on the web page
07/26/2022 06:17:33 PM - FangatePage - INFO: Element Found Locator ://button[@class='btn dropdown-toggle btn-default']//span[text()='Select genre']LocatorType :xpath
07/26/2022 06:17:33 PM - FangatePage - INFO: Clicked on the Element Locator ://button[@class='btn dropdown-toggle btn-default']//span[text()='Select genre']LocatorType :xpath
07/26/2022 06:17:33 PM - FangatePage - INFO: Waiting for maximum :: 20 :: seconds for element to be clickable
07/26/2022 06:17:33 PM - FangatePage - INFO: Element appeared on the web page
07/26/2022 06:17:33 PM - FangatePage - INFO: Element Found Locator ://ul[@class='dropdown-menu inner']//span[text()='Bass']LocatorType :xpath
07/26/2022 06:17:33 PM - FangatePage - INFO: Clicked on the Element Locator ://ul[@class='dropdown-menu inner']//span[text()='Bass']LocatorType :xpath
07/26/2022 06:17:33 PM - FangatePage - INFO: Waiting for maximum :: 20 :: seconds for element to be clickable
07/26/2022 06:17:33 PM - FangatePage - INFO: Element appeared on the web page
07/26/2022 06:17:33 PM - FangatePage - INFO: Element Found Locator :next_box2_buttonLocatorType :id
07/26/2022 06:17:33 PM - FangatePage - INFO: Clicked on the Element Locator :next_box2_buttonLocatorType :id
07/26/2022 06:17:35 PM - FangatePage - INFO: Element Found Locator :artist_nameLocatorType :id
07/26/2022 06:17:35 PM - FangatePage - INFO: Send Keys Successfully Locator :artist_nameLocatorType :id
07/26/2022 06:17:36 PM - FangatePage - INFO: Element Found Locator :track_titleLocatorType :id
07/26/2022 06:17:36 PM - FangatePage - INFO: Send Keys Successfully Locator :track_titleLocatorType :id
07/26/2022 06:17:37 PM - FangatePage - INFO: Element Found Locator :next_box4_buttonLocatorType :id
07/26/2022 06:17:38 PM - FangatePage - INFO: Clicked on the Element Locator :next_box4_buttonLocatorType :id
07/26/2022 06:17:40 PM - FangatePage - INFO: Element Found Locator ://div[@class='checkbox']//label[@for='dark_theme']LocatorType :xpath
07/26/2022 06:17:40 PM - FangatePage - INFO: Clicked on the Element Locator ://div[@class='checkbox']//label[@for='dark_theme']LocatorType :xpath
07/26/2022 06:17:41 PM - FangatePage - INFO: Element Found Locator :next_box5_buttonLocatorType :id
07/26/2022 06:17:41 PM - FangatePage - INFO: Clicked on the Element Locator :next_box5_buttonLocatorType :id
07/26/2022 06:17:42 PM - FangatePage - INFO: Element Found Locator ://div[@class='checkbox']//label[@for='save_track_spotify']LocatorType :xpath
07/26/2022 06:17:42 PM - FangatePage - INFO: Element Found Locator :save_track_spotifyLocatorType :id
07/26/2022 06:17:42 PM - FangatePage - INFO: Clicked on the Element Locator ://div[@class='checkbox']//label[@for='save_track_spotify']LocatorType :xpath
07/26/2022 06:17:42 PM - FangatePage - INFO: Element Found Locator ://div[@class='checkbox']//label[@for='email_capture_spotify']LocatorType :xpath
07/26/2022 06:17:43 PM - FangatePage - INFO: Element Found Locator :email_capture_spotifyLocatorType :id
07/26/2022 06:17:43 PM - FangatePage - INFO: Element already Checked ://div[@class='checkbox']//label[@for='email_capture_spotify']LocatorType :xpath
07/26/2022 06:17:43 PM - FangatePage - INFO: Element Found Locator ://div[@class='checkbox']//label[@for='add_to_playlist_spotify']LocatorType :xpath
07/26/2022 06:17:43 PM - FangatePage - INFO: Element Found Locator :add_to_playlist_spotifyLocatorType :id
07/26/2022 06:17:43 PM - FangatePage - INFO: Clicked on the Element Locator ://div[@class='checkbox']//label[@for='add_to_playlist_spotify']LocatorType :xpath
07/26/2022 06:17:43 PM - FangatePage - INFO: Element Found Locator ://div[@class='checkbox']//label[@for='follow_spotify']LocatorType :xpath
07/26/2022 06:17:43 PM - FangatePage - INFO: Element Found Locator :follow_spotifyLocatorType :id
07/26/2022 06:17:43 PM - FangatePage - INFO: Clicked on the Element Locator ://div[@class='checkbox']//label[@for='follow_spotify']LocatorType :xpath
07/26/2022 06:17:43 PM - FangatePage - INFO: Element Found Locator :add_spotify_artistLocatorType :id
07/26/2022 06:17:43 PM - FangatePage - INFO: Send Keys Successfully Locator :add_spotify_artistLocatorType :id
07/26/2022 06:17:47 PM - FangatePage - INFO: Element Not Found Locator ://div[@class='checkbox']//label[@for='save_track_ap']LocatorType :xpath
07/26/2022 06:17:50 PM - FangatePage - INFO: Element Not Found Locator :save_track_apLocatorType :id
07/26/2022 06:17:50 PM - FangatePage - INFO: Cannot clicked on the Element Locator ://div[@class='checkbox']//label[@for='save_track_ap']LocatorType :xpath
07/26/2022 06:17:50 PM - FangatePage - INFO: Element Found Locator ://div[@class='checkbox']//label[@for='add_to_playlist_imusic']LocatorType :xpath
07/26/2022 06:17:50 PM - FangatePage - INFO: Element Found Locator :add_to_playlist_imusicLocatorType :id
07/26/2022 06:17:50 PM - FangatePage - INFO: Clicked on the Element Locator ://div[@class='checkbox']//label[@for='add_to_playlist_imusic']LocatorType :xpath
07/26/2022 06:17:50 PM - FangatePage - INFO: Element Found Locator ://div[@class='checkbox']//label[@for='follow_imusic']LocatorType :xpath
07/26/2022 06:17:50 PM - FangatePage - INFO: Element Found Locator :follow_imusicLocatorType :id
07/26/2022 06:17:51 PM - FangatePage - INFO: Clicked on the Element Locator ://div[@class='checkbox']//label[@for='follow_imusic']LocatorType :xpath
07/26/2022 06:17:52 PM - FangatePage - INFO: Element Found Locator ://div[@class='checkbox']//label[@for='save_track_deezer']LocatorType :xpath
07/26/2022 06:17:52 PM - FangatePage - INFO: Element Found Locator :save_track_deezerLocatorType :id
07/26/2022 06:17:52 PM - FangatePage - INFO: Clicked on the Element Locator ://div[@class='checkbox']//label[@for='save_track_deezer']LocatorType :xpath
07/26/2022 06:17:52 PM - FangatePage - INFO: Element Found Locator ://div[@class='checkbox']//label[@for='email_capture_deezer']LocatorType :xpath
07/26/2022 06:17:52 PM - FangatePage - INFO: Element Found Locator :email_capture_deezerLocatorType :id
07/26/2022 06:17:52 PM - FangatePage - INFO: Element already Checked ://div[@class='checkbox']//label[@for='email_capture_deezer']LocatorType :xpath
07/26/2022 06:17:52 PM - FangatePage - INFO: Element Found Locator ://div[@class='checkbox']//label[@for='add_to_playlist_deezer']LocatorType :xpath
07/26/2022 06:17:52 PM - FangatePage - INFO: Element Found Locator :add_to_playlist_deezerLocatorType :id
07/26/2022 06:17:52 PM - FangatePage - INFO: Clicked on the Element Locator ://div[@class='checkbox']//label[@for='add_to_playlist_deezer']LocatorType :xpath
07/26/2022 06:17:52 PM - FangatePage - INFO: Element Found Locator ://div[@class='checkbox']//label[@for='follow_deezer']LocatorType :xpath
07/26/2022 06:17:52 PM - FangatePage - INFO: Element Found Locator :follow_deezerLocatorType :id
07/26/2022 06:17:53 PM - FangatePage - INFO: Clicked on the Element Locator ://div[@class='checkbox']//label[@for='follow_deezer']LocatorType :xpath
07/26/2022 06:17:53 PM - FangatePage - INFO: Element Found Locator :add_deezer_artistLocatorType :id
07/26/2022 06:17:53 PM - FangatePage - INFO: Send Keys Successfully Locator :add_deezer_artistLocatorType :id
07/26/2022 06:17:54 PM - FangatePage - INFO: Element Found Locator :add_hypeddit_buttonLocatorType :id
07/26/2022 06:17:54 PM - FangatePage - INFO: Clicked on the Element Locator :add_hypeddit_buttonLocatorType :id
07/26/2022 06:17:55 PM - FangatePage - INFO: Element Found Locator ://input[@data-type='hypeddit' and @type='text']LocatorType :xpath
07/26/2022 06:17:55 PM - FangatePage - INFO: Send Keys Successfully Locator ://input[@data-type='hypeddit' and @type='text']LocatorType :xpath
07/26/2022 06:17:55 PM - FangatePage - INFO: Element Found Locator :add_fanclub_buttonLocatorType :id
07/26/2022 06:17:56 PM - FangatePage - INFO: Clicked on the Element Locator :add_fanclub_buttonLocatorType :id
07/26/2022 06:17:56 PM - FangatePage - INFO: Element Found Locator ://div[@class='checkbox']//label[@for='email_link']LocatorType :xpath
07/26/2022 06:17:56 PM - FangatePage - INFO: Element Found Locator :email_linkLocatorType :id
07/26/2022 06:17:56 PM - FangatePage - INFO: Clicked on the Element Locator ://div[@class='checkbox']//label[@for='email_link']LocatorType :xpath
07/26/2022 06:17:56 PM - FangatePage - INFO: Element Found Locator ://div[@class='checkbox']//label[@for='email_exit']LocatorType :xpath
07/26/2022 06:17:56 PM - FangatePage - INFO: Element Found Locator :email_exitLocatorType :id
07/26/2022 06:17:56 PM - FangatePage - INFO: Clicked on the Element Locator ://div[@class='checkbox']//label[@for='email_exit']LocatorType :xpath
07/26/2022 06:17:56 PM - FangatePage - INFO: Element Found Locator ://input[@placeholder='Fan Club (default)' and @type='text']LocatorType :xpath
07/26/2022 06:17:56 PM - FangatePage - INFO: Send Keys Successfully Locator ://input[@placeholder='Fan Club (default)' and @type='text']LocatorType :xpath
07/26/2022 06:17:56 PM - FangatePage - INFO: Element Found Locator ://input[@placeholder='Join (default)' and @type='text']LocatorType :xpath
07/26/2022 06:17:56 PM - FangatePage - INFO: Send Keys Successfully Locator ://input[@placeholder='Join (default)' and @type='text']LocatorType :xpath
07/26/2022 06:17:56 PM - FangatePage - INFO: Element Found Locator :subscription_headingLocatorType :id
07/26/2022 06:17:56 PM - FangatePage - INFO: Send Keys Successfully Locator :subscription_headingLocatorType :id
07/26/2022 06:17:56 PM - FangatePage - INFO: Element Found Locator :subscription_descriptionLocatorType :id
07/26/2022 06:17:56 PM - FangatePage - INFO: Send Keys Successfully Locator :subscription_descriptionLocatorType :id
07/26/2022 06:17:56 PM - FangatePage - INFO: Element Found Locator :close_button_textLocatorType :id
07/26/2022 06:17:57 PM - FangatePage - INFO: Send Keys Successfully Locator :close_button_textLocatorType :id
07/26/2022 06:17:57 PM - FangatePage - INFO: Element Found Locator :add_share_buttonLocatorType :id
07/26/2022 06:17:57 PM - FangatePage - INFO: Clicked on the Element Locator :add_share_buttonLocatorType :id
07/26/2022 06:17:57 PM - FangatePage - INFO: Element Found Locator :add_custom_buttonLocatorType :id
07/26/2022 06:17:57 PM - FangatePage - INFO: Clicked on the Element Locator :add_custom_buttonLocatorType :id
07/26/2022 06:17:57 PM - FangatePage - INFO: Element Found Locator ://input[@placeholder='Enter Platform Name']LocatorType :xpath
07/26/2022 06:17:57 PM - FangatePage - INFO: Send Keys Successfully Locator ://input[@placeholder='Enter Platform Name']LocatorType :xpath
07/26/2022 06:17:57 PM - FangatePage - INFO: Element Found Locator ://input[@placeholder='Enter the URL for this track' and @data-type='custom']LocatorType :xpath
07/26/2022 06:17:57 PM - FangatePage - INFO: Send Keys Successfully Locator ://input[@placeholder='Enter the URL for this track' and @data-type='custom']LocatorType :xpath
07/26/2022 06:17:58 PM - FangatePage - INFO: Element Found Locator ://button[@class='btn dropdown-toggle btn-default']//span[text()='PLAY']LocatorType :xpath
07/26/2022 06:17:59 PM - FangatePage - INFO: Clicked on the Element Locator ://button[@class='btn dropdown-toggle btn-default']//span[text()='PLAY']LocatorType :xpath
07/26/2022 06:18:00 PM - FangatePage - INFO: Element Found Locator ://ul[@class='dropdown-menu inner']//span[text()='DOWNLOAD']LocatorType :xpath
07/26/2022 06:18:00 PM - FangatePage - INFO: Clicked on the Element Locator ://ul[@class='dropdown-menu inner']//span[text()='DOWNLOAD']LocatorType :xpath
07/26/2022 06:18:00 PM - FangatePage - INFO: Element Found Locator :next_box6_buttonLocatorType :id
07/26/2022 06:18:00 PM - FangatePage - INFO: Clicked on the Element Locator :next_box6_buttonLocatorType :id
07/26/2022 06:18:04 PM - FangatePage - INFO: Element Found Locator :next_panel_custom_linkLocatorType :id
07/26/2022 06:18:04 PM - FangatePage - INFO: Cannot clicked on the Element Locator :next_panel_custom_linkLocatorType :id
07/26/2022 06:18:05 PM - FangatePage - INFO: Element Found Locator :next_panel_custom_linkLocatorType :id
07/26/2022 06:18:05 PM - FangatePage - INFO: Cannot clicked on the Element Locator :next_panel_custom_linkLocatorType :id
07/26/2022 06:18:08 PM - FangatePage - INFO: Element Found Locator ://div[@class='checkbox']//label[@for='set_newrelease']LocatorType :xpath
07/26/2022 06:18:08 PM - FangatePage - INFO: Cannot clicked on the Element Locator ://div[@class='checkbox']//label[@for='set_newrelease']LocatorType :xpath
07/26/2022 06:18:09 PM - FangatePage - INFO: Element Found Locator :next_newreleases_panelLocatorType :id
07/26/2022 06:18:09 PM - FangatePage - INFO: Cannot clicked on the Element Locator :next_newreleases_panelLocatorType :id
07/26/2022 06:18:11 PM - FangatePage - INFO: Element Found Locator :next_box8_buttonLocatorType :id
07/26/2022 06:18:11 PM - FangatePage - INFO: Cannot clicked on the Element Locator :next_box8_buttonLocatorType :id
07/26/2022 06:18:13 PM - FangatePage - INFO: Element Found Locator :facebook_pixelLocatorType :id
07/26/2022 06:18:13 PM - FangatePage - INFO: Not Wirte to the Element Locator :facebook_pixelLocatorType :id
07/26/2022 06:18:14 PM - FangatePage - INFO: Element Found Locator :facebook_pixel_tokenLocatorType :id
07/26/2022 06:18:14 PM - FangatePage - INFO: Not Wirte to the Element Locator :facebook_pixel_tokenLocatorType :id
07/26/2022 06:18:15 PM - FangatePage - INFO: Element Found Locator :gate_custom_fbpixel_buttonLocatorType :id
07/26/2022 06:18:15 PM - FangatePage - INFO: Cannot clicked on the Element Locator :gate_custom_fbpixel_buttonLocatorType :id
07/26/2022 06:18:17 PM - FangatePage - INFO: Element Found Locator :btn_create_fangateLocatorType :id
07/26/2022 06:18:17 PM - FangatePage - INFO: Cannot clicked on the Element Locator :btn_create_fangateLocatorType :id
07/26/2022 06:19:27 PM - FangatePage - INFO: Element Found Locator ://form[@id='devlock']//input[@type='password']LocatorType :xpath
07/26/2022 06:19:27 PM - FangatePage - INFO: Send Keys Successfully Locator ://form[@id='devlock']//input[@type='password']LocatorType :xpath
07/26/2022 06:19:27 PM - FangatePage - INFO: Element Found Locator ://div[@class='form-group']//button[@type='submit']LocatorType :xpath
07/26/2022 06:19:33 PM - FangatePage - INFO: Clicked on the Element Locator ://div[@class='form-group']//button[@type='submit']LocatorType :xpath
07/26/2022 06:19:47 PM - LoginPage - INFO: Element Found Locator :LoginLocatorType :link
07/26/2022 06:19:48 PM - LoginPage - INFO: Clicked on the Element Locator :LoginLocatorType :link
07/26/2022 06:19:48 PM - LoginPage - INFO: Element Found Locator :login_emailLocatorType :id
07/26/2022 06:19:48 PM - LoginPage - INFO: Element Found Locator :login_passwordLocatorType :id
07/26/2022 06:19:48 PM - LoginPage - INFO: Element Found Locator :login_emailLocatorType :id
07/26/2022 06:19:48 PM - LoginPage - INFO: Send Keys Successfully Locator :login_emailLocatorType :id
07/26/2022 06:19:48 PM - LoginPage - INFO: Element Found Locator :login_passwordLocatorType :id
07/26/2022 06:19:48 PM - LoginPage - INFO: Send Keys Successfully Locator :login_passwordLocatorType :id
07/26/2022 06:19:48 PM - LoginPage - INFO: Element Found Locator :login_buttonLocatorType :id
07/26/2022 06:19:52 PM - LoginPage - INFO: Clicked on the Element Locator :login_buttonLocatorType :id
07/26/2022 06:19:52 PM - FangatePage - INFO: Waiting for maximum :: 20 :: seconds for element to be clickable
07/26/2022 06:19:52 PM - FangatePage - INFO: Element appeared on the web page
07/26/2022 06:19:52 PM - FangatePage - INFO: Element Found Locator :Share MusicLocatorType :link
07/26/2022 06:19:54 PM - FangatePage - INFO: Clicked on the Element Locator :Share MusicLocatorType :link
07/26/2022 06:19:55 PM - FangatePage - INFO: Element Found Locator ://a[@href='https://dev2.hypeddit.com/smartlink/create']LocatorType :xpath
07/26/2022 06:19:56 PM - FangatePage - INFO: Clicked on the Element Locator ://a[@href='https://dev2.hypeddit.com/smartlink/create']LocatorType :xpath
07/26/2022 06:19:56 PM - FangatePage - INFO: Element Found Locator :track_urlLocatorType :id
07/26/2022 06:19:56 PM - FangatePage - INFO: Send Keys Successfully Locator :track_urlLocatorType :id
07/26/2022 06:19:57 PM - FangatePage - INFO: Element Found Locator :next_box1_buttonLocatorType :id
07/26/2022 06:19:58 PM - FangatePage - INFO: Clicked on the Element Locator :next_box1_buttonLocatorType :id
07/26/2022 06:19:58 PM - FangatePage - INFO: Waiting for maximum :: 20 :: seconds for element to be clickable
07/26/2022 06:20:08 PM - FangatePage - INFO: Element not appeared on the web page
07/26/2022 06:20:08 PM - FangatePage - INFO: Element Found Locator ://button[@class='btn dropdown-toggle btn-default']//span[text()='Select genre']LocatorType :xpath
07/26/2022 06:20:08 PM - FangatePage - INFO: Clicked on the Element Locator ://button[@class='btn dropdown-toggle btn-default']//span[text()='Select genre']LocatorType :xpath
07/26/2022 06:20:08 PM - FangatePage - INFO: Waiting for maximum :: 20 :: seconds for element to be clickable
07/26/2022 06:20:08 PM - FangatePage - INFO: Element appeared on the web page
07/26/2022 06:20:08 PM - FangatePage - INFO: Element Found Locator ://ul[@class='dropdown-menu inner']//span[text()='Bass']LocatorType :xpath
07/26/2022 06:20:08 PM - FangatePage - INFO: Clicked on the Element Locator ://ul[@class='dropdown-menu inner']//span[text()='Bass']LocatorType :xpath
07/26/2022 06:20:08 PM - FangatePage - INFO: Waiting for maximum :: 20 :: seconds for element to be clickable
07/26/2022 06:20:08 PM - FangatePage - INFO: Element appeared on the web page
07/26/2022 06:20:08 PM - FangatePage - INFO: Element Found Locator :next_box2_buttonLocatorType :id
07/26/2022 06:20:09 PM - FangatePage - INFO: Clicked on the Element Locator :next_box2_buttonLocatorType :id
07/26/2022 06:20:11 PM - FangatePage - INFO: Element Found Locator :artist_nameLocatorType :id
07/26/2022 06:20:11 PM - FangatePage - INFO: Send Keys Successfully Locator :artist_nameLocatorType :id
07/26/2022 06:20:12 PM - FangatePage - INFO: Element Found Locator :track_titleLocatorType :id
07/26/2022 06:20:12 PM - FangatePage - INFO: Send Keys Successfully Locator :track_titleLocatorType :id
07/26/2022 06:20:13 PM - FangatePage - INFO: Element Found Locator :next_box4_buttonLocatorType :id
07/26/2022 06:20:13 PM - FangatePage - INFO: Clicked on the Element Locator :next_box4_buttonLocatorType :id
07/26/2022 06:20:15 PM - FangatePage - INFO: Element Found Locator ://div[@class='checkbox']//label[@for='dark_theme']LocatorType :xpath
07/26/2022 06:20:15 PM - FangatePage - INFO: Clicked on the Element Locator ://div[@class='checkbox']//label[@for='dark_theme']LocatorType :xpath
07/26/2022 06:20:16 PM - FangatePage - INFO: Element Found Locator :next_box5_buttonLocatorType :id
07/26/2022 06:20:17 PM - FangatePage - INFO: Clicked on the Element Locator :next_box5_buttonLocatorType :id
07/26/2022 06:20:18 PM - FangatePage - INFO: Element Found Locator ://div[@class='checkbox']//label[@for='save_track_spotify']LocatorType :xpath
07/26/2022 06:20:18 PM - FangatePage - INFO: Element Found Locator :save_track_spotifyLocatorType :id
07/26/2022 06:20:18 PM - FangatePage - INFO: Clicked on the Element Locator ://div[@class='checkbox']//label[@for='save_track_spotify']LocatorType :xpath
07/26/2022 06:20:18 PM - FangatePage - INFO: Element Found Locator ://div[@class='checkbox']//label[@for='email_capture_spotify']LocatorType :xpath
07/26/2022 06:20:18 PM - FangatePage - INFO: Element Found Locator :email_capture_spotifyLocatorType :id
07/26/2022 06:20:18 PM - FangatePage - INFO: Element already Checked ://div[@class='checkbox']//label[@for='email_capture_spotify']LocatorType :xpath
07/26/2022 06:20:18 PM - FangatePage - INFO: Element Found Locator ://div[@class='checkbox']//label[@for='add_to_playlist_spotify']LocatorType :xpath
07/26/2022 06:20:18 PM - FangatePage - INFO: Element Found Locator :add_to_playlist_spotifyLocatorType :id
07/26/2022 06:20:18 PM - FangatePage - INFO: Clicked on the Element Locator ://div[@class='checkbox']//label[@for='add_to_playlist_spotify']LocatorType :xpath
07/26/2022 06:20:18 PM - FangatePage - INFO: Element Found Locator ://div[@class='checkbox']//label[@for='follow_spotify']LocatorType :xpath
07/26/2022 06:20:18 PM - FangatePage - INFO: Element Found Locator :follow_spotifyLocatorType :id
07/26/2022 06:20:18 PM - FangatePage - INFO: Clicked on the Element Locator ://div[@class='checkbox']//label[@for='follow_spotify']LocatorType :xpath
07/26/2022 06:20:18 PM - FangatePage - INFO: Element Found Locator :add_spotify_artistLocatorType :id
07/26/2022 06:20:19 PM - FangatePage - INFO: Send Keys Successfully Locator :add_spotify_artistLocatorType :id
07/26/2022 06:20:23 PM - FangatePage - INFO: Element Not Found Locator ://div[@class='checkbox']//label[@for='save_track_ap']LocatorType :xpath
07/26/2022 06:20:26 PM - FangatePage - INFO: Element Not Found Locator :save_track_apLocatorType :id
07/26/2022 06:20:26 PM - FangatePage - INFO: Cannot clicked on the Element Locator ://div[@class='checkbox']//label[@for='save_track_ap']LocatorType :xpath
07/26/2022 06:20:26 PM - FangatePage - INFO: Element Found Locator ://div[@class='checkbox']//label[@for='add_to_playlist_imusic']LocatorType :xpath
07/26/2022 06:20:26 PM - FangatePage - INFO: Element Found Locator :add_to_playlist_imusicLocatorType :id
07/26/2022 06:20:26 PM - FangatePage - INFO: Clicked on the Element Locator ://div[@class='checkbox']//label[@for='add_to_playlist_imusic']LocatorType :xpath
07/26/2022 06:20:26 PM - FangatePage - INFO: Element Found Locator ://div[@class='checkbox']//label[@for='follow_imusic']LocatorType :xpath
07/26/2022 06:20:26 PM - FangatePage - INFO: Element Found Locator :follow_imusicLocatorType :id
07/26/2022 06:20:26 PM - FangatePage - INFO: Clicked on the Element Locator ://div[@class='checkbox']//label[@for='follow_imusic']LocatorType :xpath
07/26/2022 06:20:27 PM - FangatePage - INFO: Element Found Locator ://div[@class='checkbox']//label[@for='save_track_deezer']LocatorType :xpath
07/26/2022 06:20:27 PM - FangatePage - INFO: Element Found Locator :save_track_deezerLocatorType :id
07/26/2022 06:20:27 PM - FangatePage - INFO: Clicked on the Element Locator ://div[@class='checkbox']//label[@for='save_track_deezer']LocatorType :xpath
07/26/2022 06:20:27 PM - FangatePage - INFO: Element Found Locator ://div[@class='checkbox']//label[@for='email_capture_deezer']LocatorType :xpath
07/26/2022 06:20:27 PM - FangatePage - INFO: Element Found Locator :email_capture_deezerLocatorType :id
07/26/2022 06:20:27 PM - FangatePage - INFO: Element already Checked ://div[@class='checkbox']//label[@for='email_capture_deezer']LocatorType :xpath
07/26/2022 06:20:27 PM - FangatePage - INFO: Element Found Locator ://div[@class='checkbox']//label[@for='add_to_playlist_deezer']LocatorType :xpath
07/26/2022 06:20:27 PM - FangatePage - INFO: Element Found Locator :add_to_playlist_deezerLocatorType :id
07/26/2022 06:20:28 PM - FangatePage - INFO: Clicked on the Element Locator ://div[@class='checkbox']//label[@for='add_to_playlist_deezer']LocatorType :xpath
07/26/2022 06:20:28 PM - FangatePage - INFO: Element Found Locator ://div[@class='checkbox']//label[@for='follow_deezer']LocatorType :xpath
07/26/2022 06:20:28 PM - FangatePage - INFO: Element Found Locator :follow_deezerLocatorType :id
07/26/2022 06:20:28 PM - FangatePage - INFO: Clicked on the Element Locator ://div[@class='checkbox']//label[@for='follow_deezer']LocatorType :xpath
07/26/2022 06:20:28 PM - FangatePage - INFO: Element Found Locator :add_deezer_artistLocatorType :id
07/26/2022 06:20:28 PM - FangatePage - INFO: Send Keys Successfully Locator :add_deezer_artistLocatorType :id
07/26/2022 06:20:29 PM - FangatePage - INFO: Element Found Locator :add_hypeddit_buttonLocatorType :id
07/26/2022 06:20:29 PM - FangatePage - INFO: Clicked on the Element Locator :add_hypeddit_buttonLocatorType :id
07/26/2022 06:20:30 PM - FangatePage - INFO: Element Found Locator ://input[@data-type='hypeddit' and @type='text']LocatorType :xpath
07/26/2022 06:20:30 PM - FangatePage - INFO: Send Keys Successfully Locator ://input[@data-type='hypeddit' and @type='text']LocatorType :xpath
07/26/2022 06:20:30 PM - FangatePage - INFO: Element Found Locator :add_fanclub_buttonLocatorType :id
07/26/2022 06:20:31 PM - FangatePage - INFO: Clicked on the Element Locator :add_fanclub_buttonLocatorType :id
07/26/2022 06:20:34 PM - FangatePage - INFO: Element Not Found Locator ://div[@class='checkbox']//label[@for='email_link']LocatorType :xpath
07/26/2022 06:20:37 PM - FangatePage - INFO: Element Not Found Locator :email_linkLocatorType :id
07/26/2022 06:20:37 PM - FangatePage - INFO: Cannot clicked on the Element Locator ://div[@class='checkbox']//label[@for='email_link']LocatorType :xpath
07/26/2022 06:20:40 PM - FangatePage - INFO: Element Not Found Locator ://div[@class='checkbox']//label[@for='email_exit']LocatorType :xpath
07/26/2022 06:20:43 PM - FangatePage - INFO: Element Not Found Locator :email_exitLocatorType :id
07/26/2022 06:20:43 PM - FangatePage - INFO: Cannot clicked on the Element Locator ://div[@class='checkbox']//label[@for='email_exit']LocatorType :xpath
07/26/2022 06:20:46 PM - FangatePage - INFO: Element Not Found Locator ://input[@placeholder='Fan Club (default)' and @type='text']LocatorType :xpath
07/26/2022 06:20:46 PM - FangatePage - INFO: Not Wirte to the Element Locator ://input[@placeholder='Fan Club (default)' and @type='text']LocatorType :xpath
07/26/2022 06:20:49 PM - FangatePage - INFO: Element Not Found Locator ://input[@placeholder='Join (default)' and @type='text']LocatorType :xpath
07/26/2022 06:20:49 PM - FangatePage - INFO: Not Wirte to the Element Locator ://input[@placeholder='Join (default)' and @type='text']LocatorType :xpath
07/26/2022 06:20:52 PM - FangatePage - INFO: Element Not Found Locator :subscription_headingLocatorType :id
07/26/2022 06:20:52 PM - FangatePage - INFO: Not Wirte to the Element Locator :subscription_headingLocatorType :id
07/26/2022 06:20:55 PM - FangatePage - INFO: Element Not Found Locator :subscription_descriptionLocatorType :id
07/26/2022 06:20:55 PM - FangatePage - INFO: Not Wirte to the Element Locator :subscription_descriptionLocatorType :id
07/26/2022 06:20:58 PM - FangatePage - INFO: Element Not Found Locator :close_button_textLocatorType :id
07/26/2022 06:20:58 PM - FangatePage - INFO: Not Wirte to the Element Locator :close_button_textLocatorType :id
07/26/2022 06:20:58 PM - FangatePage - INFO: Element Found Locator :add_share_buttonLocatorType :id
07/26/2022 06:20:59 PM - FangatePage - INFO: Clicked on the Element Locator :add_share_buttonLocatorType :id
07/26/2022 06:20:59 PM - FangatePage - INFO: Element Found Locator :add_custom_buttonLocatorType :id
07/26/2022 06:20:59 PM - FangatePage - INFO: Clicked on the Element Locator :add_custom_buttonLocatorType :id
07/26/2022 06:20:59 PM - FangatePage - INFO: Element Found Locator ://input[@placeholder='Enter Platform Name']LocatorType :xpath
07/26/2022 06:20:59 PM - FangatePage - INFO: Send Keys Successfully Locator ://input[@placeholder='Enter Platform Name']LocatorType :xpath
07/26/2022 06:20:59 PM - FangatePage - INFO: Element Found Locator ://input[@placeholder='Enter the URL for this track' and @data-type='custom']LocatorType :xpath
07/26/2022 06:20:59 PM - FangatePage - INFO: Send Keys Successfully Locator ://input[@placeholder='Enter the URL for this track' and @data-type='custom']LocatorType :xpath
07/26/2022 06:21:00 PM - FangatePage - INFO: Element Found Locator ://button[@class='btn dropdown-toggle btn-default']//span[text()='PLAY']LocatorType :xpath
07/26/2022 06:21:00 PM - FangatePage - INFO: Cannot clicked on the Element Locator ://button[@class='btn dropdown-toggle btn-default']//span[text()='PLAY']LocatorType :xpath
07/26/2022 06:21:01 PM - FangatePage - INFO: Element Found Locator ://ul[@class='dropdown-menu inner']//span[text()='DOWNLOAD']LocatorType :xpath
07/26/2022 06:21:01 PM - FangatePage - INFO: Cannot clicked on the Element Locator ://ul[@class='dropdown-menu inner']//span[text()='DOWNLOAD']LocatorType :xpath
07/26/2022 06:21:01 PM - FangatePage - INFO: Element Found Locator :next_box6_buttonLocatorType :id
07/26/2022 06:21:01 PM - FangatePage - INFO: Clicked on the Element Locator :next_box6_buttonLocatorType :id
07/26/2022 06:21:05 PM - FangatePage - INFO: Element Found Locator :next_panel_custom_linkLocatorType :id
07/26/2022 06:21:06 PM - FangatePage - INFO: Clicked on the Element Locator :next_panel_custom_linkLocatorType :id
07/26/2022 06:21:07 PM - FangatePage - INFO: Element Found Locator :next_panel_custom_linkLocatorType :id
07/26/2022 06:21:07 PM - FangatePage - INFO: Cannot clicked on the Element Locator :next_panel_custom_linkLocatorType :id
07/26/2022 06:21:10 PM - FangatePage - INFO: Element Found Locator ://div[@class='checkbox']//label[@for='set_newrelease']LocatorType :xpath
07/26/2022 06:21:10 PM - FangatePage - INFO: Clicked on the Element Locator ://div[@class='checkbox']//label[@for='set_newrelease']LocatorType :xpath
07/26/2022 06:21:11 PM - FangatePage - INFO: Element Found Locator :next_newreleases_panelLocatorType :id
07/26/2022 06:21:11 PM - FangatePage - INFO: Clicked on the Element Locator :next_newreleases_panelLocatorType :id
07/26/2022 06:21:13 PM - FangatePage - INFO: Element Found Locator :next_box8_buttonLocatorType :id
07/26/2022 06:21:13 PM - FangatePage - INFO: Clicked on the Element Locator :next_box8_buttonLocatorType :id
07/26/2022 06:21:15 PM - FangatePage - INFO: Element Found Locator :facebook_pixelLocatorType :id
07/26/2022 06:21:15 PM - FangatePage - INFO: Send Keys Successfully Locator :facebook_pixelLocatorType :id
07/26/2022 06:21:16 PM - FangatePage - INFO: Element Found Locator :facebook_pixel_tokenLocatorType :id
07/26/2022 06:21:16 PM - FangatePage - INFO: Send Keys Successfully Locator :facebook_pixel_tokenLocatorType :id
07/26/2022 06:21:17 PM - FangatePage - INFO: Element Found Locator :gate_custom_fbpixel_buttonLocatorType :id
07/26/2022 06:21:18 PM - FangatePage - INFO: Clicked on the Element Locator :gate_custom_fbpixel_buttonLocatorType :id
07/26/2022 06:21:20 PM - FangatePage - INFO: Element Found Locator :btn_create_fangateLocatorType :id
07/26/2022 06:21:20 PM - FangatePage - INFO: Clicked on the Element Locator :btn_create_fangateLocatorType :id
07/26/2022 06:23:18 PM - FangatePage - INFO: Element Found Locator ://form[@id='devlock']//input[@type='password']LocatorType :xpath
07/26/2022 06:23:18 PM - FangatePage - INFO: Send Keys Successfully Locator ://form[@id='devlock']//input[@type='password']LocatorType :xpath
07/26/2022 06:23:18 PM - FangatePage - INFO: Element Found Locator ://div[@class='form-group']//button[@type='submit']LocatorType :xpath
07/26/2022 06:23:25 PM - FangatePage - INFO: Clicked on the Element Locator ://div[@class='form-group']//button[@type='submit']LocatorType :xpath
07/26/2022 06:23:41 PM - LoginPage - INFO: Element Found Locator :LoginLocatorType :link
07/26/2022 06:23:42 PM - LoginPage - INFO: Clicked on the Element Locator :LoginLocatorType :link
07/26/2022 06:23:42 PM - LoginPage - INFO: Element Found Locator :login_emailLocatorType :id
07/26/2022 06:23:42 PM - LoginPage - INFO: Element Found Locator :login_passwordLocatorType :id
07/26/2022 06:23:42 PM - LoginPage - INFO: Element Found Locator :login_emailLocatorType :id
07/26/2022 06:23:42 PM - LoginPage - INFO: Send Keys Successfully Locator :login_emailLocatorType :id
07/26/2022 06:23:42 PM - LoginPage - INFO: Element Found Locator :login_passwordLocatorType :id
07/26/2022 06:23:42 PM - LoginPage - INFO: Send Keys Successfully Locator :login_passwordLocatorType :id
07/26/2022 06:23:42 PM - LoginPage - INFO: Element Found Locator :login_buttonLocatorType :id
07/26/2022 06:23:47 PM - LoginPage - INFO: Clicked on the Element Locator :login_buttonLocatorType :id
07/26/2022 06:23:47 PM - FangatePage - INFO: Waiting for maximum :: 20 :: seconds for element to be clickable
07/26/2022 06:23:47 PM - FangatePage - INFO: Element appeared on the web page
07/26/2022 06:23:47 PM - FangatePage - INFO: Element Found Locator :Share MusicLocatorType :link
07/26/2022 06:23:48 PM - FangatePage - INFO: Clicked on the Element Locator :Share MusicLocatorType :link
07/26/2022 06:23:49 PM - FangatePage - INFO: Element Found Locator ://a[@href='https://dev2.hypeddit.com/smartlink/create']LocatorType :xpath
07/26/2022 06:23:52 PM - FangatePage - INFO: Clicked on the Element Locator ://a[@href='https://dev2.hypeddit.com/smartlink/create']LocatorType :xpath
07/26/2022 06:23:52 PM - FangatePage - INFO: Element Found Locator :track_urlLocatorType :id
07/26/2022 06:23:52 PM - FangatePage - INFO: Send Keys Successfully Locator :track_urlLocatorType :id
07/26/2022 06:23:53 PM - FangatePage - INFO: Element Found Locator :next_box1_buttonLocatorType :id
07/26/2022 06:23:53 PM - FangatePage - INFO: Clicked on the Element Locator :next_box1_buttonLocatorType :id
07/26/2022 06:23:53 PM - FangatePage - INFO: Waiting for maximum :: 20 :: seconds for element to be clickable
07/26/2022 06:24:02 PM - FangatePage - INFO: Element appeared on the web page
07/26/2022 06:24:02 PM - FangatePage - INFO: Element Found Locator ://button[@class='btn dropdown-toggle btn-default']//span[text()='Select genre']LocatorType :xpath
07/26/2022 06:24:02 PM - FangatePage - INFO: Clicked on the Element Locator ://button[@class='btn dropdown-toggle btn-default']//span[text()='Select genre']LocatorType :xpath
07/26/2022 06:24:02 PM - FangatePage - INFO: Waiting for maximum :: 20 :: seconds for element to be clickable
07/26/2022 06:24:02 PM - FangatePage - INFO: Element appeared on the web page
07/26/2022 06:24:02 PM - FangatePage - INFO: Element Found Locator ://ul[@class='dropdown-menu inner']//span[text()='Bass']LocatorType :xpath
07/26/2022 06:24:03 PM - FangatePage - INFO: Clicked on the Element Locator ://ul[@class='dropdown-menu inner']//span[text()='Bass']LocatorType :xpath
07/26/2022 06:24:03 PM - FangatePage - INFO: Waiting for maximum :: 20 :: seconds for element to be clickable
07/26/2022 06:24:03 PM - FangatePage - INFO: Element appeared on the web page
07/26/2022 06:24:03 PM - FangatePage - INFO: Element Found Locator :next_box2_buttonLocatorType :id
07/26/2022 06:24:03 PM - FangatePage - INFO: Clicked on the Element Locator :next_box2_buttonLocatorType :id
07/26/2022 06:24:05 PM - FangatePage - INFO: Element Found Locator :artist_nameLocatorType :id
07/26/2022 06:24:05 PM - FangatePage - INFO: Send Keys Successfully Locator :artist_nameLocatorType :id
07/26/2022 06:24:06 PM - FangatePage - INFO: Element Found Locator :track_titleLocatorType :id
07/26/2022 06:24:06 PM - FangatePage - INFO: Send Keys Successfully Locator :track_titleLocatorType :id
07/26/2022 06:24:07 PM - FangatePage - INFO: Element Found Locator :next_box4_buttonLocatorType :id
07/26/2022 06:24:07 PM - FangatePage - INFO: Clicked on the Element Locator :next_box4_buttonLocatorType :id
07/26/2022 06:24:09 PM - FangatePage - INFO: Element Found Locator ://div[@class='checkbox']//label[@for='dark_theme']LocatorType :xpath
07/26/2022 06:24:10 PM - FangatePage - INFO: Clicked on the Element Locator ://div[@class='checkbox']//label[@for='dark_theme']LocatorType :xpath
07/26/2022 06:24:11 PM - FangatePage - INFO: Element Found Locator :next_box5_buttonLocatorType :id
07/26/2022 06:24:11 PM - FangatePage - INFO: Clicked on the Element Locator :next_box5_buttonLocatorType :id
07/26/2022 06:24:12 PM - FangatePage - INFO: Element Found Locator ://div[@class='checkbox']//label[@for='save_track_spotify']LocatorType :xpath
07/26/2022 06:24:12 PM - FangatePage - INFO: Element Found Locator :save_track_spotifyLocatorType :id
07/26/2022 06:24:12 PM - FangatePage - INFO: Clicked on the Element Locator ://div[@class='checkbox']//label[@for='save_track_spotify']LocatorType :xpath
07/26/2022 06:24:12 PM - FangatePage - INFO: Element Found Locator ://div[@class='checkbox']//label[@for='email_capture_spotify']LocatorType :xpath
07/26/2022 06:24:12 PM - FangatePage - INFO: Element Found Locator :email_capture_spotifyLocatorType :id
07/26/2022 06:24:12 PM - FangatePage - INFO: Element already Checked ://div[@class='checkbox']//label[@for='email_capture_spotify']LocatorType :xpath
07/26/2022 06:24:12 PM - FangatePage - INFO: Element Found Locator ://div[@class='checkbox']//label[@for='add_to_playlist_spotify']LocatorType :xpath
07/26/2022 06:24:12 PM - FangatePage - INFO: Element Found Locator :add_to_playlist_spotifyLocatorType :id
07/26/2022 06:24:12 PM - FangatePage - INFO: Clicked on the Element Locator ://div[@class='checkbox']//label[@for='add_to_playlist_spotify']LocatorType :xpath
07/26/2022 06:24:12 PM - FangatePage - INFO: Element Found Locator ://div[@class='checkbox']//label[@for='follow_spotify']LocatorType :xpath
07/26/2022 06:24:12 PM - FangatePage - INFO: Element Found Locator :follow_spotifyLocatorType :id
07/26/2022 06:24:13 PM - FangatePage - INFO: Clicked on the Element Locator ://div[@class='checkbox']//label[@for='follow_spotify']LocatorType :xpath
07/26/2022 06:24:13 PM - FangatePage - INFO: Element Found Locator :add_spotify_artistLocatorType :id
07/26/2022 06:24:13 PM - FangatePage - INFO: Send Keys Successfully Locator :add_spotify_artistLocatorType :id
07/26/2022 06:24:17 PM - FangatePage - INFO: Element Not Found Locator ://div[@class='checkbox']//label[@for='save_track_ap']LocatorType :xpath
07/26/2022 06:24:20 PM - FangatePage - INFO: Element Not Found Locator :save_track_apLocatorType :id
07/26/2022 06:24:20 PM - FangatePage - INFO: Cannot clicked on the Element Locator ://div[@class='checkbox']//label[@for='save_track_ap']LocatorType :xpath
07/26/2022 06:24:20 PM - FangatePage - INFO: Element Found Locator ://div[@class='checkbox']//label[@for='add_to_playlist_imusic']LocatorType :xpath
07/26/2022 06:24:20 PM - FangatePage - INFO: Element Found Locator :add_to_playlist_imusicLocatorType :id
07/26/2022 06:24:20 PM - FangatePage - INFO: Clicked on the Element Locator ://div[@class='checkbox']//label[@for='add_to_playlist_imusic']LocatorType :xpath
07/26/2022 06:24:20 PM - FangatePage - INFO: Element Found Locator ://div[@class='checkbox']//label[@for='follow_imusic']LocatorType :xpath
07/26/2022 06:24:20 PM - FangatePage - INFO: Element Found Locator :follow_imusicLocatorType :id
07/26/2022 06:24:20 PM - FangatePage - INFO: Clicked on the Element Locator ://div[@class='checkbox']//label[@for='follow_imusic']LocatorType :xpath
07/26/2022 06:24:21 PM - FangatePage - INFO: Element Found Locator ://div[@class='checkbox']//label[@for='save_track_deezer']LocatorType :xpath
07/26/2022 06:24:21 PM - FangatePage - INFO: Element Found Locator :save_track_deezerLocatorType :id
07/26/2022 06:24:22 PM - FangatePage - INFO: Clicked on the Element Locator ://div[@class='checkbox']//label[@for='save_track_deezer']LocatorType :xpath
07/26/2022 06:24:22 PM - FangatePage - INFO: Element Found Locator ://div[@class='checkbox']//label[@for='email_capture_deezer']LocatorType :xpath
07/26/2022 06:24:22 PM - FangatePage - INFO: Element Found Locator :email_capture_deezerLocatorType :id
07/26/2022 06:24:22 PM - FangatePage - INFO: Element already Checked ://div[@class='checkbox']//label[@for='email_capture_deezer']LocatorType :xpath
07/26/2022 06:24:22 PM - FangatePage - INFO: Element Found Locator ://div[@class='checkbox']//label[@for='add_to_playlist_deezer']LocatorType :xpath
07/26/2022 06:24:22 PM - FangatePage - INFO: Element Found Locator :add_to_playlist_deezerLocatorType :id
07/26/2022 06:24:22 PM - FangatePage - INFO: Clicked on the Element Locator ://div[@class='checkbox']//label[@for='add_to_playlist_deezer']LocatorType :xpath
07/26/2022 06:24:22 PM - FangatePage - INFO: Element Found Locator ://div[@class='checkbox']//label[@for='follow_deezer']LocatorType :xpath
07/26/2022 06:24:22 PM - FangatePage - INFO: Element Found Locator :follow_deezerLocatorType :id
07/26/2022 06:24:22 PM - FangatePage - INFO: Clicked on the Element Locator ://div[@class='checkbox']//label[@for='follow_deezer']LocatorType :xpath
07/26/2022 06:24:22 PM - FangatePage - INFO: Element Found Locator :add_deezer_artistLocatorType :id
07/26/2022 06:24:22 PM - FangatePage - INFO: Send Keys Successfully Locator :add_deezer_artistLocatorType :id
07/26/2022 06:24:23 PM - FangatePage - INFO: Element Found Locator :add_hypeddit_buttonLocatorType :id
07/26/2022 06:24:24 PM - FangatePage - INFO: Clicked on the Element Locator :add_hypeddit_buttonLocatorType :id
07/26/2022 06:24:25 PM - FangatePage - INFO: Element Found Locator ://input[@data-type='hypeddit' and @type='text']LocatorType :xpath
07/26/2022 06:24:25 PM - FangatePage - INFO: Send Keys Successfully Locator ://input[@data-type='hypeddit' and @type='text']LocatorType :xpath
07/26/2022 06:24:25 PM - FangatePage - INFO: Element Found Locator :add_fanclub_buttonLocatorType :id
07/26/2022 06:24:25 PM - FangatePage - INFO: Clicked on the Element Locator :add_fanclub_buttonLocatorType :id
07/26/2022 06:24:25 PM - FangatePage - INFO: Element Found Locator ://div[@class='checkbox']//label[@for='email_link']LocatorType :xpath
07/26/2022 06:24:25 PM - FangatePage - INFO: Element Found Locator :email_linkLocatorType :id
07/26/2022 06:24:26 PM - FangatePage - INFO: Clicked on the Element Locator ://div[@class='checkbox']//label[@for='email_link']LocatorType :xpath
07/26/2022 06:24:26 PM - FangatePage - INFO: Element Found Locator ://div[@class='checkbox']//label[@for='email_exit']LocatorType :xpath
07/26/2022 06:24:26 PM - FangatePage - INFO: Element Found Locator :email_exitLocatorType :id
07/26/2022 06:24:26 PM - FangatePage - INFO: Clicked on the Element Locator ://div[@class='checkbox']//label[@for='email_exit']LocatorType :xpath
07/26/2022 06:24:26 PM - FangatePage - INFO: Element Found Locator ://input[@placeholder='Fan Club (default)' and @type='text']LocatorType :xpath
07/26/2022 06:24:26 PM - FangatePage - INFO: Send Keys Successfully Locator ://input[@placeholder='Fan Club (default)' and @type='text']LocatorType :xpath
07/26/2022 06:24:26 PM - FangatePage - INFO: Element Found Locator ://input[@placeholder='Join (default)' and @type='text']LocatorType :xpath
07/26/2022 06:24:26 PM - FangatePage - INFO: Send Keys Successfully Locator ://input[@placeholder='Join (default)' and @type='text']LocatorType :xpath
07/26/2022 06:24:26 PM - FangatePage - INFO: Element Found Locator :subscription_headingLocatorType :id
07/26/2022 06:24:26 PM - FangatePage - INFO: Send Keys Successfully Locator :subscription_headingLocatorType :id
07/26/2022 06:24:26 PM - FangatePage - INFO: Element Found Locator :subscription_descriptionLocatorType :id
07/26/2022 06:24:26 PM - FangatePage - INFO: Send Keys Successfully Locator :subscription_descriptionLocatorType :id
07/26/2022 06:24:26 PM - FangatePage - INFO: Element Found Locator :close_button_textLocatorType :id
07/26/2022 06:24:26 PM - FangatePage - INFO: Send Keys Successfully Locator :close_button_textLocatorType :id
07/26/2022 06:24:26 PM - FangatePage - INFO: Element Found Locator :add_share_buttonLocatorType :id
07/26/2022 06:24:26 PM - FangatePage - INFO: Clicked on the Element Locator :add_share_buttonLocatorType :id
07/26/2022 06:24:26 PM - FangatePage - INFO: Element Found Locator :add_custom_buttonLocatorType :id
07/26/2022 06:24:27 PM - FangatePage - INFO: Clicked on the Element Locator :add_custom_buttonLocatorType :id
07/26/2022 06:24:27 PM - FangatePage - INFO: Element Found Locator ://input[@placeholder='Enter Platform Name']LocatorType :xpath
07/26/2022 06:24:27 PM - FangatePage - INFO: Send Keys Successfully Locator ://input[@placeholder='Enter Platform Name']LocatorType :xpath
07/26/2022 06:24:27 PM - FangatePage - INFO: Element Found Locator ://input[@placeholder='Enter the URL for this track' and @data-type='custom']LocatorType :xpath
07/26/2022 06:24:27 PM - FangatePage - INFO: Send Keys Successfully Locator ://input[@placeholder='Enter the URL for this track' and @data-type='custom']LocatorType :xpath
07/26/2022 06:24:28 PM - FangatePage - INFO: Element Found Locator ://button[@class='btn dropdown-toggle btn-default']//span[text()='PLAY']LocatorType :xpath
07/26/2022 06:24:28 PM - FangatePage - INFO: Clicked on the Element Locator ://button[@class='btn dropdown-toggle btn-default']//span[text()='PLAY']LocatorType :xpath
07/26/2022 06:24:29 PM - FangatePage - INFO: Element Found Locator ://ul[@class='dropdown-menu inner']//span[text()='DOWNLOAD']LocatorType :xpath
07/26/2022 06:24:29 PM - FangatePage - INFO: Clicked on the Element Locator ://ul[@class='dropdown-menu inner']//span[text()='DOWNLOAD']LocatorType :xpath
07/26/2022 06:24:29 PM - FangatePage - INFO: Element Found Locator :next_box6_buttonLocatorType :id
07/26/2022 06:24:30 PM - FangatePage - INFO: Clicked on the Element Locator :next_box6_buttonLocatorType :id
07/26/2022 06:24:32 PM - FangatePage - INFO: Waiting for maximum :: 20 :: seconds for element to be clickable
07/26/2022 06:24:32 PM - FangatePage - INFO: Element appeared on the web page
07/26/2022 06:24:32 PM - FangatePage - INFO: Element Found Locator :next_panel_custom_linkLocatorType :id
07/26/2022 06:24:32 PM - FangatePage - INFO: Clicked on the Element Locator :next_panel_custom_linkLocatorType :id
07/26/2022 06:24:35 PM - FangatePage - INFO: Element Found Locator ://div[@class='checkbox']//label[@for='set_newrelease']LocatorType :xpath
07/26/2022 06:24:35 PM - FangatePage - INFO: Clicked on the Element Locator ://div[@class='checkbox']//label[@for='set_newrelease']LocatorType :xpath
07/26/2022 06:24:36 PM - FangatePage - INFO: Element Found Locator :next_newreleases_panelLocatorType :id
07/26/2022 06:24:36 PM - FangatePage - INFO: Clicked on the Element Locator :next_newreleases_panelLocatorType :id
07/26/2022 06:24:38 PM - FangatePage - INFO: Element Found Locator :next_box8_buttonLocatorType :id
07/26/2022 06:24:39 PM - FangatePage - INFO: Clicked on the Element Locator :next_box8_buttonLocatorType :id
07/26/2022 06:24:41 PM - FangatePage - INFO: Element Found Locator :facebook_pixelLocatorType :id
07/26/2022 06:24:41 PM - FangatePage - INFO: Send Keys Successfully Locator :facebook_pixelLocatorType :id
07/26/2022 06:24:42 PM - FangatePage - INFO: Element Found Locator :facebook_pixel_tokenLocatorType :id
07/26/2022 06:24:42 PM - FangatePage - INFO: Send Keys Successfully Locator :facebook_pixel_tokenLocatorType :id
07/26/2022 06:24:43 PM - FangatePage - INFO: Element Found Locator :gate_custom_fbpixel_buttonLocatorType :id
07/26/2022 06:24:43 PM - FangatePage - INFO: Clicked on the Element Locator :gate_custom_fbpixel_buttonLocatorType :id
07/26/2022 06:24:45 PM - FangatePage - INFO: Element Found Locator :btn_create_fangateLocatorType :id
07/26/2022 06:24:45 PM - FangatePage - INFO: Clicked on the Element Locator :btn_create_fangateLocatorType :id
